ARM GAS  C:\Users\HUAWEI\AppData\Local\Temp\ccx0FUw8.s 			page 1


   1              		.cpu cortex-m4
   2              		.arch armv7e-m
   3              		.fpu fpv4-sp-d16
   4              		.eabi_attribute 27, 1
   5              		.eabi_attribute 28, 1
   6              		.eabi_attribute 20, 1
   7              		.eabi_attribute 21, 1
   8              		.eabi_attribute 23, 3
   9              		.eabi_attribute 24, 1
  10              		.eabi_attribute 25, 1
  11              		.eabi_attribute 26, 1
  12              		.eabi_attribute 30, 1
  13              		.eabi_attribute 34, 1
  14              		.eabi_attribute 18, 4
  15              		.file	"freertos.c"
  16              		.section	.rodata.str1.4,"aMS",%progbits,1
  17              		.align	2
  18              	.LC0:
  19 0000 64656661 		.ascii	"defaultTask\000"
  19      756C7454 
  19      61736B00 
  20              		.text
  21              	.Ltext0:
  22              		.cfi_sections	.debug_frame
  23              		.section	.text.StartDefaultTask,"ax",%progbits
  24              		.align	1
  25              		.global	StartDefaultTask
  26              		.syntax unified
  27              		.thumb
  28              		.thumb_func
  30              	StartDefaultTask:
  31              	.LFB141:
  32              		.file 1 "Core/Src/freertos.c"
   1:Core/Src/freertos.c **** /* USER CODE BEGIN Header */
   2:Core/Src/freertos.c **** /**
   3:Core/Src/freertos.c ****   ******************************************************************************
   4:Core/Src/freertos.c ****   * File Name          : freertos.c
   5:Core/Src/freertos.c ****   * Description        : Code for freertos applications
   6:Core/Src/freertos.c ****   ******************************************************************************
   7:Core/Src/freertos.c ****   * @attention
   8:Core/Src/freertos.c ****   *
   9:Core/Src/freertos.c ****   * <h2><center>&copy; Copyright (c) 2025 STMicroelectronics.
  10:Core/Src/freertos.c ****   * All rights reserved.</center></h2>
  11:Core/Src/freertos.c ****   *
  12:Core/Src/freertos.c ****   * This software component is licensed by ST under Ultimate Liberty license
  13:Core/Src/freertos.c ****   * SLA0044, the "License"; You may not use this file except in compliance with
  14:Core/Src/freertos.c ****   * the License. You may obtain a copy of the License at:
  15:Core/Src/freertos.c ****   *                             www.st.com/SLA0044
  16:Core/Src/freertos.c ****   *
  17:Core/Src/freertos.c ****   ******************************************************************************
  18:Core/Src/freertos.c ****   */
  19:Core/Src/freertos.c **** /* USER CODE END Header */
  20:Core/Src/freertos.c **** 
  21:Core/Src/freertos.c **** /* Includes ------------------------------------------------------------------*/
  22:Core/Src/freertos.c **** #include "FreeRTOS.h"
  23:Core/Src/freertos.c **** #include "task.h"
  24:Core/Src/freertos.c **** #include "main.h"
ARM GAS  C:\Users\HUAWEI\AppData\Local\Temp\ccx0FUw8.s 			page 2


  25:Core/Src/freertos.c **** #include "cmsis_os.h"
  26:Core/Src/freertos.c **** 
  27:Core/Src/freertos.c **** /* Private includes ----------------------------------------------------------*/
  28:Core/Src/freertos.c **** /* USER CODE BEGIN Includes */
  29:Core/Src/freertos.c **** 
  30:Core/Src/freertos.c **** /* USER CODE END Includes */
  31:Core/Src/freertos.c **** 
  32:Core/Src/freertos.c **** /* Private typedef -----------------------------------------------------------*/
  33:Core/Src/freertos.c **** /* USER CODE BEGIN PTD */
  34:Core/Src/freertos.c **** 
  35:Core/Src/freertos.c **** /* USER CODE END PTD */
  36:Core/Src/freertos.c **** 
  37:Core/Src/freertos.c **** /* Private define ------------------------------------------------------------*/
  38:Core/Src/freertos.c **** /* USER CODE BEGIN PD */
  39:Core/Src/freertos.c **** 
  40:Core/Src/freertos.c **** /* USER CODE END PD */
  41:Core/Src/freertos.c **** 
  42:Core/Src/freertos.c **** /* Private macro -------------------------------------------------------------*/
  43:Core/Src/freertos.c **** /* USER CODE BEGIN PM */
  44:Core/Src/freertos.c **** 
  45:Core/Src/freertos.c **** /* USER CODE END PM */
  46:Core/Src/freertos.c **** 
  47:Core/Src/freertos.c **** /* Private variables ---------------------------------------------------------*/
  48:Core/Src/freertos.c **** /* USER CODE BEGIN Variables */
  49:Core/Src/freertos.c **** 
  50:Core/Src/freertos.c **** /* USER CODE END Variables */
  51:Core/Src/freertos.c **** osThreadId defaultTaskHandle;
  52:Core/Src/freertos.c **** 
  53:Core/Src/freertos.c **** /* Private function prototypes -----------------------------------------------*/
  54:Core/Src/freertos.c **** /* USER CODE BEGIN FunctionPrototypes */
  55:Core/Src/freertos.c **** 
  56:Core/Src/freertos.c **** /* USER CODE END FunctionPrototypes */
  57:Core/Src/freertos.c **** 
  58:Core/Src/freertos.c **** void StartDefaultTask(void const * argument);
  59:Core/Src/freertos.c **** 
  60:Core/Src/freertos.c **** void MX_FREERTOS_Init(void); /* (MISRA C 2004 rule 8.1) */
  61:Core/Src/freertos.c **** 
  62:Core/Src/freertos.c **** /* GetIdleTaskMemory prototype (linked to static allocation support) */
  63:Core/Src/freertos.c **** void vApplicationGetIdleTaskMemory( StaticTask_t **ppxIdleTaskTCBBuffer, StackType_t **ppxIdleTaskS
  64:Core/Src/freertos.c **** 
  65:Core/Src/freertos.c **** /* USER CODE BEGIN GET_IDLE_TASK_MEMORY */
  66:Core/Src/freertos.c **** static StaticTask_t xIdleTaskTCBBuffer;
  67:Core/Src/freertos.c **** static StackType_t xIdleStack[configMINIMAL_STACK_SIZE];
  68:Core/Src/freertos.c **** 
  69:Core/Src/freertos.c **** void vApplicationGetIdleTaskMemory( StaticTask_t **ppxIdleTaskTCBBuffer, StackType_t **ppxIdleTaskS
  70:Core/Src/freertos.c **** {
  71:Core/Src/freertos.c ****   *ppxIdleTaskTCBBuffer = &xIdleTaskTCBBuffer;
  72:Core/Src/freertos.c ****   *ppxIdleTaskStackBuffer = &xIdleStack[0];
  73:Core/Src/freertos.c ****   *pulIdleTaskStackSize = configMINIMAL_STACK_SIZE;
  74:Core/Src/freertos.c ****   /* place for user code */
  75:Core/Src/freertos.c **** }
  76:Core/Src/freertos.c **** /* USER CODE END GET_IDLE_TASK_MEMORY */
  77:Core/Src/freertos.c **** 
  78:Core/Src/freertos.c **** /**
  79:Core/Src/freertos.c ****   * @brief  FreeRTOS initialization
  80:Core/Src/freertos.c ****   * @param  None
  81:Core/Src/freertos.c ****   * @retval None
ARM GAS  C:\Users\HUAWEI\AppData\Local\Temp\ccx0FUw8.s 			page 3


  82:Core/Src/freertos.c ****   */
  83:Core/Src/freertos.c **** void MX_FREERTOS_Init(void) {
  84:Core/Src/freertos.c ****   /* USER CODE BEGIN Init */
  85:Core/Src/freertos.c **** 
  86:Core/Src/freertos.c ****   /* USER CODE END Init */
  87:Core/Src/freertos.c **** 
  88:Core/Src/freertos.c ****   /* USER CODE BEGIN RTOS_MUTEX */
  89:Core/Src/freertos.c ****   /* add mutexes, ... */
  90:Core/Src/freertos.c ****   /* USER CODE END RTOS_MUTEX */
  91:Core/Src/freertos.c **** 
  92:Core/Src/freertos.c ****   /* USER CODE BEGIN RTOS_SEMAPHORES */
  93:Core/Src/freertos.c ****   /* add semaphores, ... */
  94:Core/Src/freertos.c ****   /* USER CODE END RTOS_SEMAPHORES */
  95:Core/Src/freertos.c **** 
  96:Core/Src/freertos.c ****   /* USER CODE BEGIN RTOS_TIMERS */
  97:Core/Src/freertos.c ****   /* start timers, add new ones, ... */
  98:Core/Src/freertos.c ****   /* USER CODE END RTOS_TIMERS */
  99:Core/Src/freertos.c **** 
 100:Core/Src/freertos.c ****   /* USER CODE BEGIN RTOS_QUEUES */
 101:Core/Src/freertos.c ****   /* add queues, ... */
 102:Core/Src/freertos.c ****   /* USER CODE END RTOS_QUEUES */
 103:Core/Src/freertos.c **** 
 104:Core/Src/freertos.c ****   /* Create the thread(s) */
 105:Core/Src/freertos.c ****   /* definition and creation of defaultTask */
 106:Core/Src/freertos.c ****   osThreadDef(defaultTask, StartDefaultTask, osPriorityNormal, 0, 128);
 107:Core/Src/freertos.c ****   defaultTaskHandle = osThreadCreate(osThread(defaultTask), NULL);
 108:Core/Src/freertos.c **** 
 109:Core/Src/freertos.c ****   /* USER CODE BEGIN RTOS_THREADS */
 110:Core/Src/freertos.c ****   /* add threads, ... */
 111:Core/Src/freertos.c ****   /* USER CODE END RTOS_THREADS */
 112:Core/Src/freertos.c **** 
 113:Core/Src/freertos.c **** }
 114:Core/Src/freertos.c **** 
 115:Core/Src/freertos.c **** /* USER CODE BEGIN Header_StartDefaultTask */
 116:Core/Src/freertos.c **** /**
 117:Core/Src/freertos.c ****   * @brief  Function implementing the defaultTask thread.
 118:Core/Src/freertos.c ****   * @param  argument: Not used
 119:Core/Src/freertos.c ****   * @retval None
 120:Core/Src/freertos.c ****   */
 121:Core/Src/freertos.c **** /* USER CODE END Header_StartDefaultTask */
 122:Core/Src/freertos.c **** void StartDefaultTask(void const * argument)
 123:Core/Src/freertos.c **** {
  33              		.loc 1 123 1 view -0
  34              		.cfi_startproc
  35              		@ Volatile: function does not return.
  36              		@ args = 0, pretend = 0, frame = 0
  37              		@ frame_needed = 0, uses_anonymous_args = 0
  38              	.LVL0:
  39              		.loc 1 123 1 is_stmt 0 view .LVU1
  40 0000 08B5     		push	{r3, lr}
  41              	.LCFI0:
  42              		.cfi_def_cfa_offset 8
  43              		.cfi_offset 3, -8
  44              		.cfi_offset 14, -4
  45              	.LVL1:
  46              	.L2:
 124:Core/Src/freertos.c ****   /* USER CODE BEGIN StartDefaultTask */
ARM GAS  C:\Users\HUAWEI\AppData\Local\Temp\ccx0FUw8.s 			page 4


 125:Core/Src/freertos.c ****   /* Infinite loop */
 126:Core/Src/freertos.c ****   for(;;)
  47              		.loc 1 126 3 is_stmt 1 discriminator 1 view .LVU2
 127:Core/Src/freertos.c ****   {
 128:Core/Src/freertos.c ****     osDelay(1);
  48              		.loc 1 128 5 discriminator 1 view .LVU3
  49 0002 0120     		movs	r0, #1
  50 0004 FFF7FEFF 		bl	osDelay
  51              	.LVL2:
 126:Core/Src/freertos.c ****   {
  52              		.loc 1 126 8 discriminator 1 view .LVU4
  53 0008 FBE7     		b	.L2
  54              		.cfi_endproc
  55              	.LFE141:
  57              		.section	.text.vApplicationGetIdleTaskMemory,"ax",%progbits
  58              		.align	1
  59              		.global	vApplicationGetIdleTaskMemory
  60              		.syntax unified
  61              		.thumb
  62              		.thumb_func
  64              	vApplicationGetIdleTaskMemory:
  65              	.LVL3:
  66              	.LFB139:
  70:Core/Src/freertos.c ****   *ppxIdleTaskTCBBuffer = &xIdleTaskTCBBuffer;
  67              		.loc 1 70 1 view -0
  68              		.cfi_startproc
  69              		@ args = 0, pretend = 0, frame = 0
  70              		@ frame_needed = 0, uses_anonymous_args = 0
  71              		@ link register save eliminated.
  71:Core/Src/freertos.c ****   *ppxIdleTaskStackBuffer = &xIdleStack[0];
  72              		.loc 1 71 3 view .LVU6
  71:Core/Src/freertos.c ****   *ppxIdleTaskStackBuffer = &xIdleStack[0];
  73              		.loc 1 71 25 is_stmt 0 view .LVU7
  74 0000 034B     		ldr	r3, .L5
  75 0002 0360     		str	r3, [r0]
  72:Core/Src/freertos.c ****   *pulIdleTaskStackSize = configMINIMAL_STACK_SIZE;
  76              		.loc 1 72 3 is_stmt 1 view .LVU8
  72:Core/Src/freertos.c ****   *pulIdleTaskStackSize = configMINIMAL_STACK_SIZE;
  77              		.loc 1 72 27 is_stmt 0 view .LVU9
  78 0004 034B     		ldr	r3, .L5+4
  79 0006 0B60     		str	r3, [r1]
  73:Core/Src/freertos.c ****   /* place for user code */
  80              		.loc 1 73 3 is_stmt 1 view .LVU10
  73:Core/Src/freertos.c ****   /* place for user code */
  81              		.loc 1 73 25 is_stmt 0 view .LVU11
  82 0008 8023     		movs	r3, #128
  83 000a 1360     		str	r3, [r2]
  75:Core/Src/freertos.c **** /* USER CODE END GET_IDLE_TASK_MEMORY */
  84              		.loc 1 75 1 view .LVU12
  85 000c 7047     		bx	lr
  86              	.L6:
  87 000e 00BF     		.align	2
  88              	.L5:
  89 0010 00000000 		.word	.LANCHOR0
  90 0014 00000000 		.word	.LANCHOR1
  91              		.cfi_endproc
  92              	.LFE139:
ARM GAS  C:\Users\HUAWEI\AppData\Local\Temp\ccx0FUw8.s 			page 5


  94              		.section	.text.MX_FREERTOS_Init,"ax",%progbits
  95              		.align	1
  96              		.global	MX_FREERTOS_Init
  97              		.syntax unified
  98              		.thumb
  99              		.thumb_func
 101              	MX_FREERTOS_Init:
 102              	.LFB140:
  83:Core/Src/freertos.c ****   /* USER CODE BEGIN Init */
 103              		.loc 1 83 29 is_stmt 1 view -0
 104              		.cfi_startproc
 105              		@ args = 0, pretend = 0, frame = 32
 106              		@ frame_needed = 0, uses_anonymous_args = 0
 107 0000 10B5     		push	{r4, lr}
 108              	.LCFI1:
 109              		.cfi_def_cfa_offset 8
 110              		.cfi_offset 4, -8
 111              		.cfi_offset 14, -4
 112 0002 88B0     		sub	sp, sp, #32
 113              	.LCFI2:
 114              		.cfi_def_cfa_offset 40
 106:Core/Src/freertos.c ****   defaultTaskHandle = osThreadCreate(osThread(defaultTask), NULL);
 115              		.loc 1 106 3 view .LVU14
 116 0004 0DF1040C 		add	ip, sp, #4
 117 0008 074C     		ldr	r4, .L9
 118 000a 0FCC     		ldmia	r4!, {r0, r1, r2, r3}
 119 000c ACE80F00 		stmia	ip!, {r0, r1, r2, r3}
 120 0010 94E80700 		ldm	r4, {r0, r1, r2}
 121 0014 8CE80700 		stm	ip, {r0, r1, r2}
 107:Core/Src/freertos.c **** 
 122              		.loc 1 107 3 view .LVU15
 107:Core/Src/freertos.c **** 
 123              		.loc 1 107 23 is_stmt 0 view .LVU16
 124 0018 0021     		movs	r1, #0
 125 001a 01A8     		add	r0, sp, #4
 126 001c FFF7FEFF 		bl	osThreadCreate
 127              	.LVL4:
 107:Core/Src/freertos.c **** 
 128              		.loc 1 107 21 view .LVU17
 129 0020 024B     		ldr	r3, .L9+4
 130 0022 1860     		str	r0, [r3]
 113:Core/Src/freertos.c **** 
 131              		.loc 1 113 1 view .LVU18
 132 0024 08B0     		add	sp, sp, #32
 133              	.LCFI3:
 134              		.cfi_def_cfa_offset 8
 135              		@ sp needed
 136 0026 10BD     		pop	{r4, pc}
 137              	.L10:
 138              		.align	2
 139              	.L9:
 140 0028 00000000 		.word	.LANCHOR2
 141 002c 00000000 		.word	.LANCHOR3
 142              		.cfi_endproc
 143              	.LFE140:
 145              		.global	defaultTaskHandle
 146              		.section	.rodata
ARM GAS  C:\Users\HUAWEI\AppData\Local\Temp\ccx0FUw8.s 			page 6


 147              		.align	2
 148              		.set	.LANCHOR2,. + 0
 149              	.LC2:
 150 0000 00000000 		.word	.LC0
 151 0004 00000000 		.word	StartDefaultTask
 152 0008 0000     		.short	0
 153 000a 0000     		.space	2
 154 000c 00000000 		.word	0
 155 0010 80000000 		.word	128
 156 0014 00000000 		.word	0
 157 0018 00000000 		.word	0
 158              		.section	.bss.defaultTaskHandle,"aw",%nobits
 159              		.align	2
 160              		.set	.LANCHOR3,. + 0
 163              	defaultTaskHandle:
 164 0000 00000000 		.space	4
 165              		.section	.bss.xIdleStack,"aw",%nobits
 166              		.align	2
 167              		.set	.LANCHOR1,. + 0
 170              	xIdleStack:
 171 0000 00000000 		.space	512
 171      00000000 
 171      00000000 
 171      00000000 
 171      00000000 
 172              		.section	.bss.xIdleTaskTCBBuffer,"aw",%nobits
 173              		.align	2
 174              		.set	.LANCHOR0,. + 0
 177              	xIdleTaskTCBBuffer:
 178 0000 00000000 		.space	84
 178      00000000 
 178      00000000 
 178      00000000 
 178      00000000 
 179              		.text
 180              	.Letext0:
 181              		.file 2 "d:\\baidunetdiskdownload\\archive\\ec\\vscode_ozone\\gcc-arm-none-eabi-10.3-2021.10-win32
 182              		.file 3 "d:\\baidunetdiskdownload\\archive\\ec\\vscode_ozone\\gcc-arm-none-eabi-10.3-2021.10-win32
 183              		.file 4 "Middlewares/Third_Party/FreeRTOS/Source/portable/GCC/ARM_CM4F/portmacro.h"
 184              		.file 5 "Middlewares/Third_Party/FreeRTOS/Source/include/FreeRTOS.h"
 185              		.file 6 "Middlewares/Third_Party/FreeRTOS/Source/include/task.h"
 186              		.file 7 "Middlewares/Third_Party/FreeRTOS/Source/CMSIS_RTOS/cmsis_os.h"
ARM GAS  C:\Users\HUAWEI\AppData\Local\Temp\ccx0FUw8.s 			page 7


DEFINED SYMBOLS
                            *ABS*:00000000 freertos.c
C:\Users\HUAWEI\AppData\Local\Temp\ccx0FUw8.s:17     .rodata.str1.4:00000000 $d
C:\Users\HUAWEI\AppData\Local\Temp\ccx0FUw8.s:24     .text.StartDefaultTask:00000000 $t
C:\Users\HUAWEI\AppData\Local\Temp\ccx0FUw8.s:30     .text.StartDefaultTask:00000000 StartDefaultTask
C:\Users\HUAWEI\AppData\Local\Temp\ccx0FUw8.s:58     .text.vApplicationGetIdleTaskMemory:00000000 $t
C:\Users\HUAWEI\AppData\Local\Temp\ccx0FUw8.s:64     .text.vApplicationGetIdleTaskMemory:00000000 vApplicationGetIdleTaskMemory
C:\Users\HUAWEI\AppData\Local\Temp\ccx0FUw8.s:89     .text.vApplicationGetIdleTaskMemory:00000010 $d
C:\Users\HUAWEI\AppData\Local\Temp\ccx0FUw8.s:95     .text.MX_FREERTOS_Init:00000000 $t
C:\Users\HUAWEI\AppData\Local\Temp\ccx0FUw8.s:101    .text.MX_FREERTOS_Init:00000000 MX_FREERTOS_Init
C:\Users\HUAWEI\AppData\Local\Temp\ccx0FUw8.s:140    .text.MX_FREERTOS_Init:00000028 $d
C:\Users\HUAWEI\AppData\Local\Temp\ccx0FUw8.s:163    .bss.defaultTaskHandle:00000000 defaultTaskHandle
C:\Users\HUAWEI\AppData\Local\Temp\ccx0FUw8.s:147    .rodata:00000000 $d
C:\Users\HUAWEI\AppData\Local\Temp\ccx0FUw8.s:159    .bss.defaultTaskHandle:00000000 $d
C:\Users\HUAWEI\AppData\Local\Temp\ccx0FUw8.s:166    .bss.xIdleStack:00000000 $d
C:\Users\HUAWEI\AppData\Local\Temp\ccx0FUw8.s:170    .bss.xIdleStack:00000000 xIdleStack
C:\Users\HUAWEI\AppData\Local\Temp\ccx0FUw8.s:173    .bss.xIdleTaskTCBBuffer:00000000 $d
C:\Users\HUAWEI\AppData\Local\Temp\ccx0FUw8.s:177    .bss.xIdleTaskTCBBuffer:00000000 xIdleTaskTCBBuffer

UNDEFINED SYMBOLS
osDelay
osThreadCreate
