ARM GAS  C:\Users\HUAWEI\AppData\Local\Temp\ccZyWZk6.s 			page 1


   1              		.cpu cortex-m4
   2              		.arch armv7e-m
   3              		.fpu fpv4-sp-d16
   4              		.eabi_attribute 27, 1
   5              		.eabi_attribute 28, 1
   6              		.eabi_attribute 20, 1
   7              		.eabi_attribute 21, 1
   8              		.eabi_attribute 23, 3
   9              		.eabi_attribute 24, 1
  10              		.eabi_attribute 25, 1
  11              		.eabi_attribute 26, 1
  12              		.eabi_attribute 30, 1
  13              		.eabi_attribute 34, 1
  14              		.eabi_attribute 18, 4
  15              		.file	"gpio.c"
  16              		.text
  17              	.Ltext0:
  18              		.cfi_sections	.debug_frame
  19              		.section	.text.MX_GPIO_Init,"ax",%progbits
  20              		.align	1
  21              		.global	MX_GPIO_Init
  22              		.syntax unified
  23              		.thumb
  24              		.thumb_func
  26              	MX_GPIO_Init:
  27              	.LFB134:
  28              		.file 1 "Core/Src/gpio.c"
   1:Core/Src/gpio.c **** /* USER CODE BEGIN Header */
   2:Core/Src/gpio.c **** /**
   3:Core/Src/gpio.c ****   ******************************************************************************
   4:Core/Src/gpio.c ****   * @file    gpio.c
   5:Core/Src/gpio.c ****   * @brief   This file provides code for the configuration
   6:Core/Src/gpio.c ****   *          of all used GPIO pins.
   7:Core/Src/gpio.c ****   ******************************************************************************
   8:Core/Src/gpio.c ****   * @attention
   9:Core/Src/gpio.c ****   *
  10:Core/Src/gpio.c ****   * Copyright (c) 2025 STMicroelectronics.
  11:Core/Src/gpio.c ****   * All rights reserved.
  12:Core/Src/gpio.c ****   *
  13:Core/Src/gpio.c ****   * This software is licensed under terms that can be found in the LICENSE file
  14:Core/Src/gpio.c ****   * in the root directory of this software component.
  15:Core/Src/gpio.c ****   * If no LICENSE file comes with this software, it is provided AS-IS.
  16:Core/Src/gpio.c ****   *
  17:Core/Src/gpio.c ****   ******************************************************************************
  18:Core/Src/gpio.c ****   */
  19:Core/Src/gpio.c **** /* USER CODE END Header */
  20:Core/Src/gpio.c **** 
  21:Core/Src/gpio.c **** /* Includes ------------------------------------------------------------------*/
  22:Core/Src/gpio.c **** #include "gpio.h"
  23:Core/Src/gpio.c **** 
  24:Core/Src/gpio.c **** /* USER CODE BEGIN 0 */
  25:Core/Src/gpio.c **** 
  26:Core/Src/gpio.c **** /* USER CODE END 0 */
  27:Core/Src/gpio.c **** 
  28:Core/Src/gpio.c **** /*----------------------------------------------------------------------------*/
  29:Core/Src/gpio.c **** /* Configure GPIO                                                             */
  30:Core/Src/gpio.c **** /*----------------------------------------------------------------------------*/
ARM GAS  C:\Users\HUAWEI\AppData\Local\Temp\ccZyWZk6.s 			page 2


  31:Core/Src/gpio.c **** /* USER CODE BEGIN 1 */
  32:Core/Src/gpio.c **** 
  33:Core/Src/gpio.c **** /* USER CODE END 1 */
  34:Core/Src/gpio.c **** 
  35:Core/Src/gpio.c **** /** Configure pins as
  36:Core/Src/gpio.c ****         * Analog
  37:Core/Src/gpio.c ****         * Input
  38:Core/Src/gpio.c ****         * Output
  39:Core/Src/gpio.c ****         * EVENT_OUT
  40:Core/Src/gpio.c ****         * EXTI
  41:Core/Src/gpio.c **** */
  42:Core/Src/gpio.c **** void MX_GPIO_Init(void)
  43:Core/Src/gpio.c **** {
  29              		.loc 1 43 1 view -0
  30              		.cfi_startproc
  31              		@ args = 0, pretend = 0, frame = 32
  32              		@ frame_needed = 0, uses_anonymous_args = 0
  33 0000 F0B5     		push	{r4, r5, r6, r7, lr}
  34              	.LCFI0:
  35              		.cfi_def_cfa_offset 20
  36              		.cfi_offset 4, -20
  37              		.cfi_offset 5, -16
  38              		.cfi_offset 6, -12
  39              		.cfi_offset 7, -8
  40              		.cfi_offset 14, -4
  41 0002 89B0     		sub	sp, sp, #36
  42              	.LCFI1:
  43              		.cfi_def_cfa_offset 56
  44:Core/Src/gpio.c **** 
  45:Core/Src/gpio.c ****   GPIO_InitTypeDef GPIO_InitStruct = {0};
  44              		.loc 1 45 3 view .LVU1
  45              		.loc 1 45 20 is_stmt 0 view .LVU2
  46 0004 0024     		movs	r4, #0
  47 0006 0394     		str	r4, [sp, #12]
  48 0008 0494     		str	r4, [sp, #16]
  49 000a 0594     		str	r4, [sp, #20]
  50 000c 0694     		str	r4, [sp, #24]
  51 000e 0794     		str	r4, [sp, #28]
  46:Core/Src/gpio.c **** 
  47:Core/Src/gpio.c ****   /* GPIO Ports Clock Enable */
  48:Core/Src/gpio.c ****   __HAL_RCC_GPIOH_CLK_ENABLE();
  52              		.loc 1 48 3 is_stmt 1 view .LVU3
  53              	.LBB2:
  54              		.loc 1 48 3 view .LVU4
  55 0010 0094     		str	r4, [sp]
  56              		.loc 1 48 3 view .LVU5
  57 0012 1F4B     		ldr	r3, .L3
  58 0014 1A6B     		ldr	r2, [r3, #48]
  59 0016 42F08002 		orr	r2, r2, #128
  60 001a 1A63     		str	r2, [r3, #48]
  61              		.loc 1 48 3 view .LVU6
  62 001c 1A6B     		ldr	r2, [r3, #48]
  63 001e 02F08002 		and	r2, r2, #128
  64 0022 0092     		str	r2, [sp]
  65              		.loc 1 48 3 view .LVU7
  66 0024 009A     		ldr	r2, [sp]
  67              	.LBE2:
ARM GAS  C:\Users\HUAWEI\AppData\Local\Temp\ccZyWZk6.s 			page 3


  68              		.loc 1 48 3 view .LVU8
  49:Core/Src/gpio.c ****   __HAL_RCC_GPIOA_CLK_ENABLE();
  69              		.loc 1 49 3 view .LVU9
  70              	.LBB3:
  71              		.loc 1 49 3 view .LVU10
  72 0026 0194     		str	r4, [sp, #4]
  73              		.loc 1 49 3 view .LVU11
  74 0028 1A6B     		ldr	r2, [r3, #48]
  75 002a 42F00102 		orr	r2, r2, #1
  76 002e 1A63     		str	r2, [r3, #48]
  77              		.loc 1 49 3 view .LVU12
  78 0030 1A6B     		ldr	r2, [r3, #48]
  79 0032 02F00102 		and	r2, r2, #1
  80 0036 0192     		str	r2, [sp, #4]
  81              		.loc 1 49 3 view .LVU13
  82 0038 019A     		ldr	r2, [sp, #4]
  83              	.LBE3:
  84              		.loc 1 49 3 view .LVU14
  50:Core/Src/gpio.c ****   __HAL_RCC_GPIOB_CLK_ENABLE();
  85              		.loc 1 50 3 view .LVU15
  86              	.LBB4:
  87              		.loc 1 50 3 view .LVU16
  88 003a 0294     		str	r4, [sp, #8]
  89              		.loc 1 50 3 view .LVU17
  90 003c 1A6B     		ldr	r2, [r3, #48]
  91 003e 42F00202 		orr	r2, r2, #2
  92 0042 1A63     		str	r2, [r3, #48]
  93              		.loc 1 50 3 view .LVU18
  94 0044 1B6B     		ldr	r3, [r3, #48]
  95 0046 03F00203 		and	r3, r3, #2
  96 004a 0293     		str	r3, [sp, #8]
  97              		.loc 1 50 3 view .LVU19
  98 004c 029B     		ldr	r3, [sp, #8]
  99              	.LBE4:
 100              		.loc 1 50 3 view .LVU20
  51:Core/Src/gpio.c **** 
  52:Core/Src/gpio.c ****   /*Configure GPIO pin Output Level */
  53:Core/Src/gpio.c ****   HAL_GPIO_WritePin(GPIOA, GPIO_PIN_0, GPIO_PIN_SET);
 101              		.loc 1 53 3 view .LVU21
 102 004e 114D     		ldr	r5, .L3+4
 103 0050 0122     		movs	r2, #1
 104 0052 1146     		mov	r1, r2
 105 0054 2846     		mov	r0, r5
 106 0056 FFF7FEFF 		bl	HAL_GPIO_WritePin
 107              	.LVL0:
  54:Core/Src/gpio.c **** 
  55:Core/Src/gpio.c ****   /*Configure GPIO pin Output Level */
  56:Core/Src/gpio.c ****   HAL_GPIO_WritePin(GPIOA, GPIO_PIN_4, GPIO_PIN_RESET);
 108              		.loc 1 56 3 view .LVU22
 109 005a 2246     		mov	r2, r4
 110 005c 1021     		movs	r1, #16
 111 005e 2846     		mov	r0, r5
 112 0060 FFF7FEFF 		bl	HAL_GPIO_WritePin
 113              	.LVL1:
  57:Core/Src/gpio.c **** 
  58:Core/Src/gpio.c ****   /*Configure GPIO pin : PA0 */
  59:Core/Src/gpio.c ****   GPIO_InitStruct.Pin = GPIO_PIN_0;
ARM GAS  C:\Users\HUAWEI\AppData\Local\Temp\ccZyWZk6.s 			page 4


 114              		.loc 1 59 3 view .LVU23
 115              		.loc 1 59 23 is_stmt 0 view .LVU24
 116 0064 0126     		movs	r6, #1
 117 0066 0396     		str	r6, [sp, #12]
  60:Core/Src/gpio.c ****   GPIO_InitStruct.Mode = GPIO_MODE_OUTPUT_PP;
 118              		.loc 1 60 3 is_stmt 1 view .LVU25
 119              		.loc 1 60 24 is_stmt 0 view .LVU26
 120 0068 0496     		str	r6, [sp, #16]
  61:Core/Src/gpio.c ****   GPIO_InitStruct.Pull = GPIO_PULLDOWN;
 121              		.loc 1 61 3 is_stmt 1 view .LVU27
 122              		.loc 1 61 24 is_stmt 0 view .LVU28
 123 006a 0227     		movs	r7, #2
 124 006c 0597     		str	r7, [sp, #20]
  62:Core/Src/gpio.c ****   GPIO_InitStruct.Speed = GPIO_SPEED_FREQ_LOW;
 125              		.loc 1 62 3 is_stmt 1 view .LVU29
 126              		.loc 1 62 25 is_stmt 0 view .LVU30
 127 006e 0694     		str	r4, [sp, #24]
  63:Core/Src/gpio.c ****   HAL_GPIO_Init(GPIOA, &GPIO_InitStruct);
 128              		.loc 1 63 3 is_stmt 1 view .LVU31
 129 0070 03A9     		add	r1, sp, #12
 130 0072 2846     		mov	r0, r5
 131 0074 FFF7FEFF 		bl	HAL_GPIO_Init
 132              	.LVL2:
  64:Core/Src/gpio.c **** 
  65:Core/Src/gpio.c ****   /*Configure GPIO pin : PA4 */
  66:Core/Src/gpio.c ****   GPIO_InitStruct.Pin = GPIO_PIN_4;
 133              		.loc 1 66 3 view .LVU32
 134              		.loc 1 66 23 is_stmt 0 view .LVU33
 135 0078 1023     		movs	r3, #16
 136 007a 0393     		str	r3, [sp, #12]
  67:Core/Src/gpio.c ****   GPIO_InitStruct.Mode = GPIO_MODE_OUTPUT_PP;
 137              		.loc 1 67 3 is_stmt 1 view .LVU34
 138              		.loc 1 67 24 is_stmt 0 view .LVU35
 139 007c 0496     		str	r6, [sp, #16]
  68:Core/Src/gpio.c ****   GPIO_InitStruct.Pull = GPIO_PULLDOWN;
 140              		.loc 1 68 3 is_stmt 1 view .LVU36
 141              		.loc 1 68 24 is_stmt 0 view .LVU37
 142 007e 0597     		str	r7, [sp, #20]
  69:Core/Src/gpio.c ****   GPIO_InitStruct.Speed = GPIO_SPEED_FREQ_VERY_HIGH;
 143              		.loc 1 69 3 is_stmt 1 view .LVU38
 144              		.loc 1 69 25 is_stmt 0 view .LVU39
 145 0080 0323     		movs	r3, #3
 146 0082 0693     		str	r3, [sp, #24]
  70:Core/Src/gpio.c ****   HAL_GPIO_Init(GPIOA, &GPIO_InitStruct);
 147              		.loc 1 70 3 is_stmt 1 view .LVU40
 148 0084 03A9     		add	r1, sp, #12
 149 0086 2846     		mov	r0, r5
 150 0088 FFF7FEFF 		bl	HAL_GPIO_Init
 151              	.LVL3:
  71:Core/Src/gpio.c **** 
  72:Core/Src/gpio.c **** }
 152              		.loc 1 72 1 is_stmt 0 view .LVU41
 153 008c 09B0     		add	sp, sp, #36
 154              	.LCFI2:
 155              		.cfi_def_cfa_offset 20
 156              		@ sp needed
 157 008e F0BD     		pop	{r4, r5, r6, r7, pc}
ARM GAS  C:\Users\HUAWEI\AppData\Local\Temp\ccZyWZk6.s 			page 5


 158              	.L4:
 159              		.align	2
 160              	.L3:
 161 0090 00380240 		.word	1073887232
 162 0094 00000240 		.word	1073872896
 163              		.cfi_endproc
 164              	.LFE134:
 166              		.text
 167              	.Letext0:
 168              		.file 2 "d:\\baidunetdiskdownload\\archive\\ec\\vscode_ozone\\gcc-arm-none-eabi-10.3-2021.10-win32
 169              		.file 3 "d:\\baidunetdiskdownload\\archive\\ec\\vscode_ozone\\gcc-arm-none-eabi-10.3-2021.10-win32
 170              		.file 4 "Drivers/CMSIS/Device/ST/STM32F4xx/Include/stm32f405xx.h"
 171              		.file 5 "Drivers/STM32F4xx_HAL_Driver/Inc/stm32f4xx_hal_gpio.h"
ARM GAS  C:\Users\HUAWEI\AppData\Local\Temp\ccZyWZk6.s 			page 6


DEFINED SYMBOLS
                            *ABS*:00000000 gpio.c
C:\Users\HUAWEI\AppData\Local\Temp\ccZyWZk6.s:20     .text.MX_GPIO_Init:00000000 $t
C:\Users\HUAWEI\AppData\Local\Temp\ccZyWZk6.s:26     .text.MX_GPIO_Init:00000000 MX_GPIO_Init
C:\Users\HUAWEI\AppData\Local\Temp\ccZyWZk6.s:161    .text.MX_GPIO_Init:00000090 $d

UNDEFINED SYMBOLS
HAL_GPIO_WritePin
HAL_GPIO_Init
