ARM GAS  C:\Users\HUAWEI\AppData\Local\Temp\ccdYtUuf.s 			page 1


   1              		.cpu cortex-m4
   2              		.arch armv7e-m
   3              		.fpu fpv4-sp-d16
   4              		.eabi_attribute 27, 1
   5              		.eabi_attribute 28, 1
   6              		.eabi_attribute 20, 1
   7              		.eabi_attribute 21, 1
   8              		.eabi_attribute 23, 3
   9              		.eabi_attribute 24, 1
  10              		.eabi_attribute 25, 1
  11              		.eabi_attribute 26, 1
  12              		.eabi_attribute 30, 1
  13              		.eabi_attribute 34, 1
  14              		.eabi_attribute 18, 4
  15              		.file	"openmv.c"
  16              		.text
  17              	.Ltext0:
  18              		.cfi_sections	.debug_frame
  19              		.section	.text.OPENMVRxCallback,"ax",%progbits
  20              		.align	1
  21              		.syntax unified
  22              		.thumb
  23              		.thumb_func
  25              	OPENMVRxCallback:
  26              	.LFB134:
  27              		.file 1 "modules/OPENMV/openmv.c"
   1:modules/OPENMV/openmv.c **** #include"openmv.h"
   2:modules/OPENMV/openmv.c **** 
   3:modules/OPENMV/openmv.c **** #define OPENMV_BUFFER_SIZE OPENMV_DATA_SIZE+2
   4:modules/OPENMV/openmv.c **** 
   5:modules/OPENMV/openmv.c **** #define OPENMV_START_FLAG 0xAA
   6:modules/OPENMV/openmv.c **** #define OPENMV_END_FLAG 0x55
   7:modules/OPENMV/openmv.c **** 
   8:modules/OPENMV/openmv.c **** static OPENMV_Instance_s openmv_instance;
   9:modules/OPENMV/openmv.c **** uint16_t target_x, target_y,flag = 0;
  10:modules/OPENMV/openmv.c **** 
  11:modules/OPENMV/openmv.c **** static void OPENMVRxCallback()
  12:modules/OPENMV/openmv.c **** {
  28              		.loc 1 12 1 view -0
  29              		.cfi_startproc
  30              		@ args = 0, pretend = 0, frame = 0
  31              		@ frame_needed = 0, uses_anonymous_args = 0
  32              		@ link register save eliminated.
  13:modules/OPENMV/openmv.c ****     uint8_t *rxbuff;
  33              		.loc 1 13 5 view .LVU1
  14:modules/OPENMV/openmv.c ****     rxbuff = openmv_instance.usart_instance->recv_buff;
  34              		.loc 1 14 5 view .LVU2
  35              		.loc 1 14 29 is_stmt 0 view .LVU3
  36 0000 174B     		ldr	r3, .L9
  37 0002 1B68     		ldr	r3, [r3]
  38              	.LVL0:
  15:modules/OPENMV/openmv.c **** 
  16:modules/OPENMV/openmv.c ****     // 帧头帧尾判断
  17:modules/OPENMV/openmv.c ****     if(rxbuff[0] == OPENMV_START_FLAG && rxbuff[OPENMV_BUFFER_SIZE - 1] == OPENMV_END_FLAG)
  39              		.loc 1 17 5 is_stmt 1 view .LVU4
  40              		.loc 1 17 14 is_stmt 0 view .LVU5
  41 0004 1A78     		ldrb	r2, [r3]	@ zero_extendqisi2
ARM GAS  C:\Users\HUAWEI\AppData\Local\Temp\ccdYtUuf.s 			page 2


  42              		.loc 1 17 7 view .LVU6
  43 0006 AA2A     		cmp	r2, #170
  44 0008 14D0     		beq	.L8
  45              	.L2:
  18:modules/OPENMV/openmv.c ****     {
  19:modules/OPENMV/openmv.c ****         for(int i = 0; i < OPENMV_DATA_SIZE; i++)
  20:modules/OPENMV/openmv.c ****             openmv_instance.OPENMV_data.data[i] = rxbuff[i+1];
  21:modules/OPENMV/openmv.c ****             openmv_instance.OPENMV_data.checksum = rxbuff[OPENMV_DATA_SIZE];
  22:modules/OPENMV/openmv.c ****     }
  23:modules/OPENMV/openmv.c ****     
  24:modules/OPENMV/openmv.c ****     // //校验和
  25:modules/OPENMV/openmv.c ****     // if(openmv_instance.OPENMV_data.checksum!= (rxbuff[1] + rxbuff[2] + rxbuff[3] + rxbuff[4])& 0
  26:modules/OPENMV/openmv.c ****     // {
  27:modules/OPENMV/openmv.c ****     //     return;
  28:modules/OPENMV/openmv.c ****     // }
  29:modules/OPENMV/openmv.c **** 
  30:modules/OPENMV/openmv.c ****     //解析
  31:modules/OPENMV/openmv.c ****     openmv_instance.TargetData.target_x = (rxbuff[1] << 8) | rxbuff[2];
  46              		.loc 1 31 5 is_stmt 1 view .LVU7
  47              		.loc 1 31 50 is_stmt 0 view .LVU8
  48 000a 5978     		ldrb	r1, [r3, #1]	@ zero_extendqisi2
  49              		.loc 1 31 68 view .LVU9
  50 000c 9A78     		ldrb	r2, [r3, #2]	@ zero_extendqisi2
  51              		.loc 1 31 60 view .LVU10
  52 000e 42EA0122 		orr	r2, r2, r1, lsl #8
  53              		.loc 1 31 41 view .LVU11
  54 0012 1349     		ldr	r1, .L9
  55 0014 0A82     		strh	r2, [r1, #16]	@ movhi
  32:modules/OPENMV/openmv.c ****     openmv_instance.TargetData.target_y = (rxbuff[3] << 8) | rxbuff[4];
  56              		.loc 1 32 5 is_stmt 1 view .LVU12
  57              		.loc 1 32 50 is_stmt 0 view .LVU13
  58 0016 D878     		ldrb	r0, [r3, #3]	@ zero_extendqisi2
  59              		.loc 1 32 68 view .LVU14
  60 0018 1B79     		ldrb	r3, [r3, #4]	@ zero_extendqisi2
  61              	.LVL1:
  62              		.loc 1 32 60 view .LVU15
  63 001a 43EA0023 		orr	r3, r3, r0, lsl #8
  64              		.loc 1 32 41 view .LVU16
  65 001e 4B82     		strh	r3, [r1, #18]	@ movhi
  33:modules/OPENMV/openmv.c ****     target_x = openmv_instance.TargetData.target_x;
  66              		.loc 1 33 5 is_stmt 1 view .LVU17
  67              		.loc 1 33 14 is_stmt 0 view .LVU18
  68 0020 1049     		ldr	r1, .L9+4
  69 0022 0A80     		strh	r2, [r1]	@ movhi
  34:modules/OPENMV/openmv.c ****     target_y = openmv_instance.TargetData.target_y;
  70              		.loc 1 34 5 is_stmt 1 view .LVU19
  71              		.loc 1 34 14 is_stmt 0 view .LVU20
  72 0024 1049     		ldr	r1, .L9+8
  73 0026 0B80     		strh	r3, [r1]	@ movhi
  35:modules/OPENMV/openmv.c ****     if(target_x > 0 && target_y > 0)
  74              		.loc 1 35 5 is_stmt 1 view .LVU21
  75              		.loc 1 35 7 is_stmt 0 view .LVU22
  76 0028 B2B1     		cbz	r2, .L5
  77              		.loc 1 35 21 discriminator 1 view .LVU23
  78 002a ABB1     		cbz	r3, .L5
  36:modules/OPENMV/openmv.c ****     {
  37:modules/OPENMV/openmv.c ****         flag = 1;
ARM GAS  C:\Users\HUAWEI\AppData\Local\Temp\ccdYtUuf.s 			page 3


  79              		.loc 1 37 9 is_stmt 1 view .LVU24
  80              		.loc 1 37 14 is_stmt 0 view .LVU25
  81 002c 0F4B     		ldr	r3, .L9+12
  82 002e 0122     		movs	r2, #1
  83 0030 1A80     		strh	r2, [r3]	@ movhi
  84 0032 7047     		bx	lr
  85              	.LVL2:
  86              	.L8:
  17:modules/OPENMV/openmv.c ****     {
  87              		.loc 1 17 48 discriminator 1 view .LVU26
  88 0034 9A79     		ldrb	r2, [r3, #6]	@ zero_extendqisi2
  17:modules/OPENMV/openmv.c ****     {
  89              		.loc 1 17 39 discriminator 1 view .LVU27
  90 0036 552A     		cmp	r2, #85
  91 0038 E7D1     		bne	.L2
  92              	.LBB2:
  19:modules/OPENMV/openmv.c ****             openmv_instance.OPENMV_data.data[i] = rxbuff[i+1];
  93              		.loc 1 19 17 view .LVU28
  94 003a 0022     		movs	r2, #0
  95 003c 06E0     		b	.L3
  96              	.LVL3:
  97              	.L4:
  20:modules/OPENMV/openmv.c ****             openmv_instance.OPENMV_data.checksum = rxbuff[OPENMV_DATA_SIZE];
  98              		.loc 1 20 13 is_stmt 1 discriminator 3 view .LVU29
  20:modules/OPENMV/openmv.c ****             openmv_instance.OPENMV_data.checksum = rxbuff[OPENMV_DATA_SIZE];
  99              		.loc 1 20 57 is_stmt 0 discriminator 3 view .LVU30
 100 003e 9918     		adds	r1, r3, r2
 101 0040 4878     		ldrb	r0, [r1, #1]	@ zero_extendqisi2
  20:modules/OPENMV/openmv.c ****             openmv_instance.OPENMV_data.checksum = rxbuff[OPENMV_DATA_SIZE];
 102              		.loc 1 20 49 discriminator 3 view .LVU31
 103 0042 0749     		ldr	r1, .L9
 104 0044 01EB4201 		add	r1, r1, r2, lsl #1
 105 0048 8880     		strh	r0, [r1, #4]	@ movhi
  19:modules/OPENMV/openmv.c ****             openmv_instance.OPENMV_data.data[i] = rxbuff[i+1];
 106              		.loc 1 19 46 is_stmt 1 discriminator 3 view .LVU32
  19:modules/OPENMV/openmv.c ****             openmv_instance.OPENMV_data.data[i] = rxbuff[i+1];
 107              		.loc 1 19 47 is_stmt 0 discriminator 3 view .LVU33
 108 004a 0132     		adds	r2, r2, #1
 109              	.LVL4:
 110              	.L3:
  19:modules/OPENMV/openmv.c ****             openmv_instance.OPENMV_data.data[i] = rxbuff[i+1];
 111              		.loc 1 19 24 is_stmt 1 discriminator 1 view .LVU34
  19:modules/OPENMV/openmv.c ****             openmv_instance.OPENMV_data.data[i] = rxbuff[i+1];
 112              		.loc 1 19 9 is_stmt 0 discriminator 1 view .LVU35
 113 004c 042A     		cmp	r2, #4
 114 004e F6DD     		ble	.L4
 115              	.LBE2:
  21:modules/OPENMV/openmv.c ****     }
 116              		.loc 1 21 13 is_stmt 1 view .LVU36
  21:modules/OPENMV/openmv.c ****     }
 117              		.loc 1 21 58 is_stmt 0 view .LVU37
 118 0050 5979     		ldrb	r1, [r3, #5]	@ zero_extendqisi2
  21:modules/OPENMV/openmv.c ****     }
 119              		.loc 1 21 50 view .LVU38
 120 0052 034A     		ldr	r2, .L9
 121              	.LVL5:
  21:modules/OPENMV/openmv.c ****     }
ARM GAS  C:\Users\HUAWEI\AppData\Local\Temp\ccdYtUuf.s 			page 4


 122              		.loc 1 21 50 view .LVU39
 123 0054 D181     		strh	r1, [r2, #14]	@ movhi
 124 0056 D8E7     		b	.L2
 125              	.LVL6:
 126              	.L5:
  38:modules/OPENMV/openmv.c ****     }
  39:modules/OPENMV/openmv.c ****     else
  40:modules/OPENMV/openmv.c ****     {
  41:modules/OPENMV/openmv.c ****         flag = 0;
 127              		.loc 1 41 9 is_stmt 1 view .LVU40
 128              		.loc 1 41 14 is_stmt 0 view .LVU41
 129 0058 044B     		ldr	r3, .L9+12
 130 005a 0022     		movs	r2, #0
 131 005c 1A80     		strh	r2, [r3]	@ movhi
  42:modules/OPENMV/openmv.c ****     }
  43:modules/OPENMV/openmv.c **** 
  44:modules/OPENMV/openmv.c ****     return;
 132              		.loc 1 44 5 is_stmt 1 view .LVU42
  45:modules/OPENMV/openmv.c **** }
 133              		.loc 1 45 1 is_stmt 0 view .LVU43
 134 005e 7047     		bx	lr
 135              	.L10:
 136              		.align	2
 137              	.L9:
 138 0060 00000000 		.word	.LANCHOR0
 139 0064 00000000 		.word	.LANCHOR1
 140 0068 00000000 		.word	.LANCHOR2
 141 006c 00000000 		.word	.LANCHOR3
 142              		.cfi_endproc
 143              	.LFE134:
 145              		.section	.text.OPENMVInit,"ax",%progbits
 146              		.align	1
 147              		.global	OPENMVInit
 148              		.syntax unified
 149              		.thumb
 150              		.thumb_func
 152              	OPENMVInit:
 153              	.LVL7:
 154              	.LFB135:
  46:modules/OPENMV/openmv.c **** 
  47:modules/OPENMV/openmv.c **** OPENMV_Instance_s *OPENMVInit(UART_HandleTypeDef *OPENMV_usart_handle)
  48:modules/OPENMV/openmv.c **** {
 155              		.loc 1 48 1 is_stmt 1 view -0
 156              		.cfi_startproc
 157              		@ args = 0, pretend = 0, frame = 16
 158              		@ frame_needed = 0, uses_anonymous_args = 0
 159              		.loc 1 48 1 is_stmt 0 view .LVU45
 160 0000 00B5     		push	{lr}
 161              	.LCFI0:
 162              		.cfi_def_cfa_offset 4
 163              		.cfi_offset 14, -4
 164 0002 85B0     		sub	sp, sp, #20
 165              	.LCFI1:
 166              		.cfi_def_cfa_offset 24
  49:modules/OPENMV/openmv.c ****     USART_Init_Config_s conf;
 167              		.loc 1 49 5 is_stmt 1 view .LVU46
  50:modules/OPENMV/openmv.c ****     conf.module_callback = OPENMVRxCallback;
ARM GAS  C:\Users\HUAWEI\AppData\Local\Temp\ccdYtUuf.s 			page 5


 168              		.loc 1 50 5 view .LVU47
 169              		.loc 1 50 26 is_stmt 0 view .LVU48
 170 0004 074B     		ldr	r3, .L13
 171 0006 0393     		str	r3, [sp, #12]
  51:modules/OPENMV/openmv.c ****     conf.usart_handle = OPENMV_usart_handle;
 172              		.loc 1 51 5 is_stmt 1 view .LVU49
 173              		.loc 1 51 23 is_stmt 0 view .LVU50
 174 0008 0290     		str	r0, [sp, #8]
  52:modules/OPENMV/openmv.c ****     conf.recv_buff_size = OPENMV_BUFFER_SIZE;
 175              		.loc 1 52 5 is_stmt 1 view .LVU51
 176              		.loc 1 52 25 is_stmt 0 view .LVU52
 177 000a 0723     		movs	r3, #7
 178 000c 8DF80430 		strb	r3, [sp, #4]
  53:modules/OPENMV/openmv.c ****     openmv_instance.usart_instance = USARTRegister(&conf);
 179              		.loc 1 53 5 is_stmt 1 view .LVU53
 180              		.loc 1 53 38 is_stmt 0 view .LVU54
 181 0010 01A8     		add	r0, sp, #4
 182              	.LVL8:
 183              		.loc 1 53 38 view .LVU55
 184 0012 FFF7FEFF 		bl	USARTRegister
 185              	.LVL9:
 186              		.loc 1 53 36 view .LVU56
 187 0016 044B     		ldr	r3, .L13+4
 188 0018 1860     		str	r0, [r3]
  54:modules/OPENMV/openmv.c **** 
  55:modules/OPENMV/openmv.c ****     return (OPENMV_Instance_s*)&openmv_instance;
 189              		.loc 1 55 5 is_stmt 1 view .LVU57
  56:modules/OPENMV/openmv.c **** }...
 190              		.loc 1 56 1 is_stmt 0 view .LVU58
 191 001a 1846     		mov	r0, r3
 192 001c 05B0     		add	sp, sp, #20
 193              	.LCFI2:
 194              		.cfi_def_cfa_offset 4
 195              		@ sp needed
 196 001e 5DF804FB 		ldr	pc, [sp], #4
 197              	.L14:
 198 0022 00BF     		.align	2
 199              	.L13:
 200 0024 00000000 		.word	OPENMVRxCallback
 201 0028 00000000 		.word	.LANCHOR0
 202              		.cfi_endproc
 203              	.LFE135:
 205              		.global	flag
 206              		.global	target_y
 207              		.global	target_x
 208              		.section	.bss.flag,"aw",%nobits
 209              		.align	1
 210              		.set	.LANCHOR3,. + 0
 213              	flag:
 214 0000 0000     		.space	2
 215              		.section	.bss.openmv_instance,"aw",%nobits
 216              		.align	2
 217              		.set	.LANCHOR0,. + 0
 220              	openmv_instance:
 221 0000 00000000 		.space	20
 221      00000000 
 221      00000000 
ARM GAS  C:\Users\HUAWEI\AppData\Local\Temp\ccdYtUuf.s 			page 6


 221      00000000 
 221      00000000 
 222              		.section	.bss.target_x,"aw",%nobits
 223              		.align	1
 224              		.set	.LANCHOR1,. + 0
 227              	target_x:
 228 0000 0000     		.space	2
 229              		.section	.bss.target_y,"aw",%nobits
 230              		.align	1
 231              		.set	.LANCHOR2,. + 0
 234              	target_y:
 235 0000 0000     		.space	2
 236              		.text
 237              	.Letext0:
 238              		.file 2 "d:\\baidunetdiskdownload\\archive\\ec\\vscode_ozone\\gcc-arm-none-eabi-10.3-2021.10-win32
 239              		.file 3 "d:\\baidunetdiskdownload\\archive\\ec\\vscode_ozone\\gcc-arm-none-eabi-10.3-2021.10-win32
 240              		.file 4 "Drivers/CMSIS/Device/ST/STM32F4xx/Include/stm32f405xx.h"
 241              		.file 5 "Drivers/STM32F4xx_HAL_Driver/Inc/stm32f4xx_hal_def.h"
 242              		.file 6 "Drivers/STM32F4xx_HAL_Driver/Inc/stm32f4xx_hal_dma.h"
 243              		.file 7 "Drivers/STM32F4xx_HAL_Driver/Inc/stm32f4xx_hal_uart.h"
 244              		.file 8 "bsp/usart/bsp_usart.h"
 245              		.file 9 "modules/OPENMV/openmv.h"
ARM GAS  C:\Users\HUAWEI\AppData\Local\Temp\ccdYtUuf.s 			page 7


DEFINED SYMBOLS
                            *ABS*:00000000 openmv.c
C:\Users\HUAWEI\AppData\Local\Temp\ccdYtUuf.s:20     .text.OPENMVRxCallback:00000000 $t
C:\Users\HUAWEI\AppData\Local\Temp\ccdYtUuf.s:25     .text.OPENMVRxCallback:00000000 OPENMVRxCallback
C:\Users\HUAWEI\AppData\Local\Temp\ccdYtUuf.s:138    .text.OPENMVRxCallback:00000060 $d
C:\Users\HUAWEI\AppData\Local\Temp\ccdYtUuf.s:146    .text.OPENMVInit:00000000 $t
C:\Users\HUAWEI\AppData\Local\Temp\ccdYtUuf.s:152    .text.OPENMVInit:00000000 OPENMVInit
C:\Users\HUAWEI\AppData\Local\Temp\ccdYtUuf.s:200    .text.OPENMVInit:00000024 $d
C:\Users\HUAWEI\AppData\Local\Temp\ccdYtUuf.s:213    .bss.flag:00000000 flag
C:\Users\HUAWEI\AppData\Local\Temp\ccdYtUuf.s:234    .bss.target_y:00000000 target_y
C:\Users\HUAWEI\AppData\Local\Temp\ccdYtUuf.s:227    .bss.target_x:00000000 target_x
C:\Users\HUAWEI\AppData\Local\Temp\ccdYtUuf.s:209    .bss.flag:00000000 $d
C:\Users\HUAWEI\AppData\Local\Temp\ccdYtUuf.s:216    .bss.openmv_instance:00000000 $d
C:\Users\HUAWEI\AppData\Local\Temp\ccdYtUuf.s:220    .bss.openmv_instance:00000000 openmv_instance
C:\Users\HUAWEI\AppData\Local\Temp\ccdYtUuf.s:223    .bss.target_x:00000000 $d
C:\Users\HUAWEI\AppData\Local\Temp\ccdYtUuf.s:230    .bss.target_y:00000000 $d

UNDEFINED SYMBOLS
USARTRegister
