ARM GAS  C:\Users\HUAWEI\AppData\Local\Temp\ccJNABra.s 			page 1


   1              		.cpu cortex-m4
   2              		.arch armv7e-m
   3              		.fpu fpv4-sp-d16
   4              		.eabi_attribute 27, 1
   5              		.eabi_attribute 28, 1
   6              		.eabi_attribute 20, 1
   7              		.eabi_attribute 21, 1
   8              		.eabi_attribute 23, 3
   9              		.eabi_attribute 24, 1
  10              		.eabi_attribute 25, 1
  11              		.eabi_attribute 26, 1
  12              		.eabi_attribute 30, 1
  13              		.eabi_attribute 34, 1
  14              		.eabi_attribute 18, 4
  15              		.file	"stm32f4xx_hal_timebase_tim.c"
  16              		.text
  17              	.Ltext0:
  18              		.cfi_sections	.debug_frame
  19              		.section	.text.HAL_InitTick,"ax",%progbits
  20              		.align	1
  21              		.global	HAL_InitTick
  22              		.syntax unified
  23              		.thumb
  24              		.thumb_func
  26              	HAL_InitTick:
  27              	.LVL0:
  28              	.LFB130:
  29              		.file 1 "Core/Src/stm32f4xx_hal_timebase_tim.c"
   1:Core/Src/stm32f4xx_hal_timebase_tim.c **** /* USER CODE BEGIN Header */
   2:Core/Src/stm32f4xx_hal_timebase_tim.c **** /**
   3:Core/Src/stm32f4xx_hal_timebase_tim.c ****   ******************************************************************************
   4:Core/Src/stm32f4xx_hal_timebase_tim.c ****   * @file    stm32f4xx_hal_timebase_TIM.c
   5:Core/Src/stm32f4xx_hal_timebase_tim.c ****   * @brief   HAL time base based on the hardware TIM.
   6:Core/Src/stm32f4xx_hal_timebase_tim.c ****   ******************************************************************************
   7:Core/Src/stm32f4xx_hal_timebase_tim.c ****   * @attention
   8:Core/Src/stm32f4xx_hal_timebase_tim.c ****   *
   9:Core/Src/stm32f4xx_hal_timebase_tim.c ****   * <h2><center>&copy; Copyright (c) 2025 STMicroelectronics.
  10:Core/Src/stm32f4xx_hal_timebase_tim.c ****   * All rights reserved.</center></h2>
  11:Core/Src/stm32f4xx_hal_timebase_tim.c ****   *
  12:Core/Src/stm32f4xx_hal_timebase_tim.c ****   * This software component is licensed by ST under Ultimate Liberty license
  13:Core/Src/stm32f4xx_hal_timebase_tim.c ****   * SLA0044, the "License"; You may not use this file except in compliance with
  14:Core/Src/stm32f4xx_hal_timebase_tim.c ****   * the License. You may obtain a copy of the License at:
  15:Core/Src/stm32f4xx_hal_timebase_tim.c ****   *                             www.st.com/SLA0044
  16:Core/Src/stm32f4xx_hal_timebase_tim.c ****   *
  17:Core/Src/stm32f4xx_hal_timebase_tim.c ****   ******************************************************************************
  18:Core/Src/stm32f4xx_hal_timebase_tim.c ****   */
  19:Core/Src/stm32f4xx_hal_timebase_tim.c **** /* USER CODE END Header */
  20:Core/Src/stm32f4xx_hal_timebase_tim.c **** 
  21:Core/Src/stm32f4xx_hal_timebase_tim.c **** /* Includes ------------------------------------------------------------------*/
  22:Core/Src/stm32f4xx_hal_timebase_tim.c **** #include "stm32f4xx_hal.h"
  23:Core/Src/stm32f4xx_hal_timebase_tim.c **** #include "stm32f4xx_hal_tim.h"
  24:Core/Src/stm32f4xx_hal_timebase_tim.c **** 
  25:Core/Src/stm32f4xx_hal_timebase_tim.c **** /* Private typedef -----------------------------------------------------------*/
  26:Core/Src/stm32f4xx_hal_timebase_tim.c **** /* Private define ------------------------------------------------------------*/
  27:Core/Src/stm32f4xx_hal_timebase_tim.c **** /* Private macro -------------------------------------------------------------*/
  28:Core/Src/stm32f4xx_hal_timebase_tim.c **** /* Private variables ---------------------------------------------------------*/
  29:Core/Src/stm32f4xx_hal_timebase_tim.c **** TIM_HandleTypeDef        htim14;
ARM GAS  C:\Users\HUAWEI\AppData\Local\Temp\ccJNABra.s 			page 2


  30:Core/Src/stm32f4xx_hal_timebase_tim.c **** /* Private function prototypes -----------------------------------------------*/
  31:Core/Src/stm32f4xx_hal_timebase_tim.c **** /* Private functions ---------------------------------------------------------*/
  32:Core/Src/stm32f4xx_hal_timebase_tim.c **** 
  33:Core/Src/stm32f4xx_hal_timebase_tim.c **** /**
  34:Core/Src/stm32f4xx_hal_timebase_tim.c ****   * @brief  This function configures the TIM14 as a time base source.
  35:Core/Src/stm32f4xx_hal_timebase_tim.c ****   *         The time source is configured  to have 1ms time base with a dedicated
  36:Core/Src/stm32f4xx_hal_timebase_tim.c ****   *         Tick interrupt priority.
  37:Core/Src/stm32f4xx_hal_timebase_tim.c ****   * @note   This function is called  automatically at the beginning of program after
  38:Core/Src/stm32f4xx_hal_timebase_tim.c ****   *         reset by HAL_Init() or at any time when clock is configured, by HAL_RCC_ClockConfig().
  39:Core/Src/stm32f4xx_hal_timebase_tim.c ****   * @param  TickPriority: Tick interrupt priority.
  40:Core/Src/stm32f4xx_hal_timebase_tim.c ****   * @retval HAL status
  41:Core/Src/stm32f4xx_hal_timebase_tim.c ****   */
  42:Core/Src/stm32f4xx_hal_timebase_tim.c **** HAL_StatusTypeDef HAL_InitTick(uint32_t TickPriority)
  43:Core/Src/stm32f4xx_hal_timebase_tim.c **** {
  30              		.loc 1 43 1 view -0
  31              		.cfi_startproc
  32              		@ args = 0, pretend = 0, frame = 32
  33              		@ frame_needed = 0, uses_anonymous_args = 0
  34              		.loc 1 43 1 is_stmt 0 view .LVU1
  35 0000 10B5     		push	{r4, lr}
  36              	.LCFI0:
  37              		.cfi_def_cfa_offset 8
  38              		.cfi_offset 4, -8
  39              		.cfi_offset 14, -4
  40 0002 88B0     		sub	sp, sp, #32
  41              	.LCFI1:
  42              		.cfi_def_cfa_offset 40
  43 0004 0146     		mov	r1, r0
  44:Core/Src/stm32f4xx_hal_timebase_tim.c ****   RCC_ClkInitTypeDef    clkconfig;
  44              		.loc 1 44 3 is_stmt 1 view .LVU2
  45:Core/Src/stm32f4xx_hal_timebase_tim.c ****   uint32_t              uwTimclock = 0;
  45              		.loc 1 45 3 view .LVU3
  46              	.LVL1:
  46:Core/Src/stm32f4xx_hal_timebase_tim.c ****   uint32_t              uwPrescalerValue = 0;
  47              		.loc 1 46 3 view .LVU4
  47:Core/Src/stm32f4xx_hal_timebase_tim.c ****   uint32_t              pFLatency;
  48              		.loc 1 47 3 view .LVU5
  48:Core/Src/stm32f4xx_hal_timebase_tim.c ****   /*Configure the TIM14 IRQ priority */
  49:Core/Src/stm32f4xx_hal_timebase_tim.c ****   HAL_NVIC_SetPriority(TIM8_TRG_COM_TIM14_IRQn, TickPriority ,0);
  49              		.loc 1 49 3 view .LVU6
  50 0006 0022     		movs	r2, #0
  51 0008 2D20     		movs	r0, #45
  52              	.LVL2:
  53              		.loc 1 49 3 is_stmt 0 view .LVU7
  54 000a FFF7FEFF 		bl	HAL_NVIC_SetPriority
  55              	.LVL3:
  50:Core/Src/stm32f4xx_hal_timebase_tim.c **** 
  51:Core/Src/stm32f4xx_hal_timebase_tim.c ****   /* Enable the TIM14 global Interrupt */
  52:Core/Src/stm32f4xx_hal_timebase_tim.c ****   HAL_NVIC_EnableIRQ(TIM8_TRG_COM_TIM14_IRQn);
  56              		.loc 1 52 3 is_stmt 1 view .LVU8
  57 000e 2D20     		movs	r0, #45
  58 0010 FFF7FEFF 		bl	HAL_NVIC_EnableIRQ
  59              	.LVL4:
  53:Core/Src/stm32f4xx_hal_timebase_tim.c ****   /* Enable TIM14 clock */
  54:Core/Src/stm32f4xx_hal_timebase_tim.c ****   __HAL_RCC_TIM14_CLK_ENABLE();
  60              		.loc 1 54 3 view .LVU9
  61              	.LBB2:
ARM GAS  C:\Users\HUAWEI\AppData\Local\Temp\ccJNABra.s 			page 3


  62              		.loc 1 54 3 view .LVU10
  63 0014 0024     		movs	r4, #0
  64 0016 0194     		str	r4, [sp, #4]
  65              		.loc 1 54 3 view .LVU11
  66 0018 144B     		ldr	r3, .L6
  67 001a 1A6C     		ldr	r2, [r3, #64]
  68 001c 42F48072 		orr	r2, r2, #256
  69 0020 1A64     		str	r2, [r3, #64]
  70              		.loc 1 54 3 view .LVU12
  71 0022 1B6C     		ldr	r3, [r3, #64]
  72 0024 03F48073 		and	r3, r3, #256
  73 0028 0193     		str	r3, [sp, #4]
  74              		.loc 1 54 3 view .LVU13
  75 002a 019B     		ldr	r3, [sp, #4]
  76              	.LBE2:
  77              		.loc 1 54 3 view .LVU14
  55:Core/Src/stm32f4xx_hal_timebase_tim.c **** 
  56:Core/Src/stm32f4xx_hal_timebase_tim.c ****   /* Get clock configuration */
  57:Core/Src/stm32f4xx_hal_timebase_tim.c ****   HAL_RCC_GetClockConfig(&clkconfig, &pFLatency);
  78              		.loc 1 57 3 view .LVU15
  79 002c 02A9     		add	r1, sp, #8
  80 002e 03A8     		add	r0, sp, #12
  81 0030 FFF7FEFF 		bl	HAL_RCC_GetClockConfig
  82              	.LVL5:
  58:Core/Src/stm32f4xx_hal_timebase_tim.c **** 
  59:Core/Src/stm32f4xx_hal_timebase_tim.c ****   /* Compute TIM14 clock */
  60:Core/Src/stm32f4xx_hal_timebase_tim.c ****   uwTimclock = 2*HAL_RCC_GetPCLK1Freq();
  83              		.loc 1 60 3 view .LVU16
  84              		.loc 1 60 18 is_stmt 0 view .LVU17
  85 0034 FFF7FEFF 		bl	HAL_RCC_GetPCLK1Freq
  86              	.LVL6:
  87              		.loc 1 60 14 view .LVU18
  88 0038 4300     		lsls	r3, r0, #1
  89              	.LVL7:
  61:Core/Src/stm32f4xx_hal_timebase_tim.c ****   /* Compute the prescaler value to have TIM14 counter clock equal to 1MHz */
  62:Core/Src/stm32f4xx_hal_timebase_tim.c ****   uwPrescalerValue = (uint32_t) ((uwTimclock / 1000000U) - 1U);
  90              		.loc 1 62 3 is_stmt 1 view .LVU19
  91              		.loc 1 62 46 is_stmt 0 view .LVU20
  92 003a 0D4A     		ldr	r2, .L6+4
  93 003c A2FB0323 		umull	r2, r3, r2, r3
  94              	.LVL8:
  95              		.loc 1 62 46 view .LVU21
  96 0040 9B0C     		lsrs	r3, r3, #18
  97              		.loc 1 62 20 view .LVU22
  98 0042 013B     		subs	r3, r3, #1
  99              	.LVL9:
  63:Core/Src/stm32f4xx_hal_timebase_tim.c **** 
  64:Core/Src/stm32f4xx_hal_timebase_tim.c ****   /* Initialize TIM14 */
  65:Core/Src/stm32f4xx_hal_timebase_tim.c ****   htim14.Instance = TIM14;
 100              		.loc 1 65 3 is_stmt 1 view .LVU23
 101              		.loc 1 65 19 is_stmt 0 view .LVU24
 102 0044 0B48     		ldr	r0, .L6+8
 103              	.LVL10:
 104              		.loc 1 65 19 view .LVU25
 105 0046 0C4A     		ldr	r2, .L6+12
 106 0048 0260     		str	r2, [r0]
  66:Core/Src/stm32f4xx_hal_timebase_tim.c **** 
ARM GAS  C:\Users\HUAWEI\AppData\Local\Temp\ccJNABra.s 			page 4


  67:Core/Src/stm32f4xx_hal_timebase_tim.c ****   /* Initialize TIMx peripheral as follow:
  68:Core/Src/stm32f4xx_hal_timebase_tim.c ****   + Period = [(TIM14CLK/1000) - 1]. to have a (1/1000) s time base.
  69:Core/Src/stm32f4xx_hal_timebase_tim.c ****   + Prescaler = (uwTimclock/1000000 - 1) to have a 1MHz counter clock.
  70:Core/Src/stm32f4xx_hal_timebase_tim.c ****   + ClockDivision = 0
  71:Core/Src/stm32f4xx_hal_timebase_tim.c ****   + Counter direction = Up
  72:Core/Src/stm32f4xx_hal_timebase_tim.c ****   */
  73:Core/Src/stm32f4xx_hal_timebase_tim.c ****   htim14.Init.Period = (1000000U / 1000U) - 1U;
 107              		.loc 1 73 3 is_stmt 1 view .LVU26
 108              		.loc 1 73 22 is_stmt 0 view .LVU27
 109 004a 40F2E732 		movw	r2, #999
 110 004e C260     		str	r2, [r0, #12]
  74:Core/Src/stm32f4xx_hal_timebase_tim.c ****   htim14.Init.Prescaler = uwPrescalerValue;
 111              		.loc 1 74 3 is_stmt 1 view .LVU28
 112              		.loc 1 74 25 is_stmt 0 view .LVU29
 113 0050 4360     		str	r3, [r0, #4]
  75:Core/Src/stm32f4xx_hal_timebase_tim.c ****   htim14.Init.ClockDivision = 0;
 114              		.loc 1 75 3 is_stmt 1 view .LVU30
 115              		.loc 1 75 29 is_stmt 0 view .LVU31
 116 0052 0461     		str	r4, [r0, #16]
  76:Core/Src/stm32f4xx_hal_timebase_tim.c ****   htim14.Init.CounterMode = TIM_COUNTERMODE_UP;
 117              		.loc 1 76 3 is_stmt 1 view .LVU32
 118              		.loc 1 76 27 is_stmt 0 view .LVU33
 119 0054 8460     		str	r4, [r0, #8]
  77:Core/Src/stm32f4xx_hal_timebase_tim.c ****   if(HAL_TIM_Base_Init(&htim14) == HAL_OK)
 120              		.loc 1 77 3 is_stmt 1 view .LVU34
 121              		.loc 1 77 6 is_stmt 0 view .LVU35
 122 0056 FFF7FEFF 		bl	HAL_TIM_Base_Init
 123              	.LVL11:
 124              		.loc 1 77 5 view .LVU36
 125 005a 10B1     		cbz	r0, .L5
  78:Core/Src/stm32f4xx_hal_timebase_tim.c ****   {
  79:Core/Src/stm32f4xx_hal_timebase_tim.c ****     /* Start the TIM time Base generation in interrupt mode */
  80:Core/Src/stm32f4xx_hal_timebase_tim.c ****     return HAL_TIM_Base_Start_IT(&htim14);
  81:Core/Src/stm32f4xx_hal_timebase_tim.c ****   }
  82:Core/Src/stm32f4xx_hal_timebase_tim.c **** 
  83:Core/Src/stm32f4xx_hal_timebase_tim.c ****   /* Return function status */
  84:Core/Src/stm32f4xx_hal_timebase_tim.c ****   return HAL_ERROR;
 126              		.loc 1 84 10 view .LVU37
 127 005c 0120     		movs	r0, #1
 128              	.L2:
  85:Core/Src/stm32f4xx_hal_timebase_tim.c **** }
 129              		.loc 1 85 1 view .LVU38
 130 005e 08B0     		add	sp, sp, #32
 131              	.LCFI2:
 132              		.cfi_remember_state
 133              		.cfi_def_cfa_offset 8
 134              		@ sp needed
 135 0060 10BD     		pop	{r4, pc}
 136              	.L5:
 137              	.LCFI3:
 138              		.cfi_restore_state
  80:Core/Src/stm32f4xx_hal_timebase_tim.c ****   }
 139              		.loc 1 80 5 is_stmt 1 view .LVU39
  80:Core/Src/stm32f4xx_hal_timebase_tim.c ****   }
 140              		.loc 1 80 12 is_stmt 0 view .LVU40
 141 0062 0448     		ldr	r0, .L6+8
 142 0064 FFF7FEFF 		bl	HAL_TIM_Base_Start_IT
ARM GAS  C:\Users\HUAWEI\AppData\Local\Temp\ccJNABra.s 			page 5


 143              	.LVL12:
 144 0068 F9E7     		b	.L2
 145              	.L7:
 146 006a 00BF     		.align	2
 147              	.L6:
 148 006c 00380240 		.word	1073887232
 149 0070 83DE1B43 		.word	1125899907
 150 0074 00000000 		.word	.LANCHOR0
 151 0078 00200040 		.word	1073750016
 152              		.cfi_endproc
 153              	.LFE130:
 155              		.section	.text.HAL_SuspendTick,"ax",%progbits
 156              		.align	1
 157              		.global	HAL_SuspendTick
 158              		.syntax unified
 159              		.thumb
 160              		.thumb_func
 162              	HAL_SuspendTick:
 163              	.LFB131:
  86:Core/Src/stm32f4xx_hal_timebase_tim.c **** 
  87:Core/Src/stm32f4xx_hal_timebase_tim.c **** /**
  88:Core/Src/stm32f4xx_hal_timebase_tim.c ****   * @brief  Suspend Tick increment.
  89:Core/Src/stm32f4xx_hal_timebase_tim.c ****   * @note   Disable the tick increment by disabling TIM14 update interrupt.
  90:Core/Src/stm32f4xx_hal_timebase_tim.c ****   * @param  None
  91:Core/Src/stm32f4xx_hal_timebase_tim.c ****   * @retval None
  92:Core/Src/stm32f4xx_hal_timebase_tim.c ****   */
  93:Core/Src/stm32f4xx_hal_timebase_tim.c **** void HAL_SuspendTick(void)
  94:Core/Src/stm32f4xx_hal_timebase_tim.c **** {
 164              		.loc 1 94 1 is_stmt 1 view -0
 165              		.cfi_startproc
 166              		@ args = 0, pretend = 0, frame = 0
 167              		@ frame_needed = 0, uses_anonymous_args = 0
 168              		@ link register save eliminated.
  95:Core/Src/stm32f4xx_hal_timebase_tim.c ****   /* Disable TIM14 update Interrupt */
  96:Core/Src/stm32f4xx_hal_timebase_tim.c ****   __HAL_TIM_DISABLE_IT(&htim14, TIM_IT_UPDATE);
 169              		.loc 1 96 3 view .LVU42
 170 0000 034B     		ldr	r3, .L9
 171 0002 1A68     		ldr	r2, [r3]
 172 0004 D368     		ldr	r3, [r2, #12]
 173 0006 23F00103 		bic	r3, r3, #1
 174 000a D360     		str	r3, [r2, #12]
  97:Core/Src/stm32f4xx_hal_timebase_tim.c **** }
 175              		.loc 1 97 1 is_stmt 0 view .LVU43
 176 000c 7047     		bx	lr
 177              	.L10:
 178 000e 00BF     		.align	2
 179              	.L9:
 180 0010 00000000 		.word	.LANCHOR0
 181              		.cfi_endproc
 182              	.LFE131:
 184              		.section	.text.HAL_ResumeTick,"ax",%progbits
 185              		.align	1
 186              		.global	HAL_ResumeTick
 187              		.syntax unified
 188              		.thumb
 189              		.thumb_func
 191              	HAL_ResumeTick:
ARM GAS  C:\Users\HUAWEI\AppData\Local\Temp\ccJNABra.s 			page 6


 192              	.LFB132:
  98:Core/Src/stm32f4xx_hal_timebase_tim.c **** 
  99:Core/Src/stm32f4xx_hal_timebase_tim.c **** /**
 100:Core/Src/stm32f4xx_hal_timebase_tim.c ****   * @brief  Resume Tick increment.
 101:Core/Src/stm32f4xx_hal_timebase_tim.c ****   * @note   Enable the tick increment by Enabling TIM14 update interrupt.
 102:Core/Src/stm32f4xx_hal_timebase_tim.c ****   * @param  None
 103:Core/Src/stm32f4xx_hal_timebase_tim.c ****   * @retval None
 104:Core/Src/stm32f4xx_hal_timebase_tim.c ****   */
 105:Core/Src/stm32f4xx_hal_timebase_tim.c **** void HAL_ResumeTick(void)
 106:Core/Src/stm32f4xx_hal_timebase_tim.c **** {
 193              		.loc 1 106 1 is_stmt 1 view -0
 194              		.cfi_startproc
 195              		@ args = 0, pretend = 0, frame = 0
 196              		@ frame_needed = 0, uses_anonymous_args = 0
 197              		@ link register save eliminated.
 107:Core/Src/stm32f4xx_hal_timebase_tim.c ****   /* Enable TIM14 Update interrupt */
 108:Core/Src/stm32f4xx_hal_timebase_tim.c ****   __HAL_TIM_ENABLE_IT(&htim14, TIM_IT_UPDATE);
 198              		.loc 1 108 3 view .LVU45
 199 0000 034B     		ldr	r3, .L12
 200 0002 1A68     		ldr	r2, [r3]
 201 0004 D368     		ldr	r3, [r2, #12]
 202 0006 43F00103 		orr	r3, r3, #1
 203 000a D360     		str	r3, [r2, #12]
 109:Core/Src/stm32f4xx_hal_timebase_tim.c **** }
 204              		.loc 1 109 1 is_stmt 0 view .LVU46
 205 000c 7047     		bx	lr
 206              	.L13:
 207 000e 00BF     		.align	2
 208              	.L12:
 209 0010 00000000 		.word	.LANCHOR0
 210              		.cfi_endproc
 211              	.LFE132:
 213              		.global	htim14
 214              		.section	.bss.htim14,"aw",%nobits
 215              		.align	2
 216              		.set	.LANCHOR0,. + 0
 219              	htim14:
 220 0000 00000000 		.space	64
 220      00000000 
 220      00000000 
 220      00000000 
 220      00000000 
 221              		.text
 222              	.Letext0:
 223              		.file 2 "Drivers/CMSIS/Device/ST/STM32F4xx/Include/stm32f405xx.h"
 224              		.file 3 "D:\\STM_CUBE_IDE\\STM32CubeIDE_1.14.0\\STM32CubeIDE\\plugins\\com.st.stm32cube.ide.mcu.ex
 225              		.file 4 "D:\\STM_CUBE_IDE\\STM32CubeIDE_1.14.0\\STM32CubeIDE\\plugins\\com.st.stm32cube.ide.mcu.ex
 226              		.file 5 "Drivers/STM32F4xx_HAL_Driver/Inc/stm32f4xx_hal_def.h"
 227              		.file 6 "Drivers/STM32F4xx_HAL_Driver/Inc/stm32f4xx_hal_rcc.h"
 228              		.file 7 "Drivers/STM32F4xx_HAL_Driver/Inc/stm32f4xx_hal_dma.h"
 229              		.file 8 "Drivers/STM32F4xx_HAL_Driver/Inc/stm32f4xx_hal_tim.h"
 230              		.file 9 "Drivers/STM32F4xx_HAL_Driver/Inc/stm32f4xx_hal_cortex.h"
ARM GAS  C:\Users\HUAWEI\AppData\Local\Temp\ccJNABra.s 			page 7


DEFINED SYMBOLS
                            *ABS*:0000000000000000 stm32f4xx_hal_timebase_tim.c
C:\Users\HUAWEI\AppData\Local\Temp\ccJNABra.s:20     .text.HAL_InitTick:0000000000000000 $t
C:\Users\HUAWEI\AppData\Local\Temp\ccJNABra.s:26     .text.HAL_InitTick:0000000000000000 HAL_InitTick
C:\Users\HUAWEI\AppData\Local\Temp\ccJNABra.s:148    .text.HAL_InitTick:000000000000006c $d
C:\Users\HUAWEI\AppData\Local\Temp\ccJNABra.s:156    .text.HAL_SuspendTick:0000000000000000 $t
C:\Users\HUAWEI\AppData\Local\Temp\ccJNABra.s:162    .text.HAL_SuspendTick:0000000000000000 HAL_SuspendTick
C:\Users\HUAWEI\AppData\Local\Temp\ccJNABra.s:180    .text.HAL_SuspendTick:0000000000000010 $d
C:\Users\HUAWEI\AppData\Local\Temp\ccJNABra.s:185    .text.HAL_ResumeTick:0000000000000000 $t
C:\Users\HUAWEI\AppData\Local\Temp\ccJNABra.s:191    .text.HAL_ResumeTick:0000000000000000 HAL_ResumeTick
C:\Users\HUAWEI\AppData\Local\Temp\ccJNABra.s:209    .text.HAL_ResumeTick:0000000000000010 $d
C:\Users\HUAWEI\AppData\Local\Temp\ccJNABra.s:219    .bss.htim14:0000000000000000 htim14
C:\Users\HUAWEI\AppData\Local\Temp\ccJNABra.s:215    .bss.htim14:0000000000000000 $d

UNDEFINED SYMBOLS
HAL_NVIC_SetPriority
HAL_NVIC_EnableIRQ
HAL_RCC_GetClockConfig
HAL_RCC_GetPCLK1Freq
HAL_TIM_Base_Init
HAL_TIM_Base_Start_IT
