Removed Pin From Net: NetName=VCC_5V Pin=BUZZER1-1
Removed Pin From Net: NetName=VCC_5V Pin=C21-1
Removed Pin From Net: NetName=GND Pin=C21-2
Removed Pin From Net: NetName=VCC_5V Pin=D6-2
Removed Pin From Net: NetName=VCC_5V Pin=JP1-1
Removed Pin From Net: NetName=VCC_3V3 Pin=JP1-2
Removed Pin From Net: NetName=GND Pin=JP1-3
Removed Pin From Net: NetName=GND Pin=JP1-4
Removed Pin From Net: NetName=GND Pin=Q1-2
Removed Pin From Net: NetName=GND Pin=R9-1
Removed Pin From Net: NetName=SWDIO Pin=SWD-1
Removed Pin From Net: NetName=SWCLK Pin=SWD-2
Removed Pin From Net: NetName=GND Pin=SWD-3
Removed Pin From Net: NetName=VCC_3V3 Pin=SWD-4
Removed Pin From Net: NetName=GND Pin=SWD-5
Removed Pin From Net: NetName=GND Pin=SWD-6
Removed Member From Class: ClassName=Dart_Controller_SCH Member=BUZZER1
Removed Member From Class: ClassName=Dart_Controller_SCH Member=C21
Removed Member From Class: ClassName=Dart_Controller_SCH Member=D6
Removed Member From Class: ClassName=Dart_Controller_SCH Member=JP1
Removed Member From Class: ClassName=Dart_Controller_SCH Member=Q1
Removed Member From Class: ClassName=Dart_Controller_SCH Member=R8
Removed Member From Class: ClassName=Dart_Controller_SCH Member=R9
Removed Member From Class: ClassName=Dart_Controller_SCH Member=SWD
Added Component: Designator=C10(C 0603_M)
Add component (AddParameter): Name = "BOM名称"; Value = "无极性贴片电容"; VariantName = "[No Variations]"
Add component (AddParameter): Name = "淘宝ID"; Value = "封装库来自淘宝 ID：黄晶宝石"; VariantName = "[No Variations]"
Add component (AddParameter): Name = "联系售后"; Value = "https://shop463601444.taobao.com"; VariantName = "[No Variations]"
Added Component: Designator=C11(C 0603_M)
Add component (AddParameter): Name = "BOM名称"; Value = "无极性贴片电容"; VariantName = "[No Variations]"
Add component (AddParameter): Name = "淘宝ID"; Value = "封装库来自淘宝 ID：黄晶宝石"; VariantName = "[No Variations]"
Add component (AddParameter): Name = "联系售后"; Value = "https://shop463601444.taobao.com"; VariantName = "[No Variations]"
Added Component: Designator=C12(C 0603_M)
Add component (AddParameter): Name = "BOM名称"; Value = "无极性贴片电容"; VariantName = "[No Variations]"
Add component (AddParameter): Name = "淘宝ID"; Value = "封装库来自淘宝 ID：黄晶宝石"; VariantName = "[No Variations]"
Add component (AddParameter): Name = "联系售后"; Value = "https://shop463601444.taobao.com"; VariantName = "[No Variations]"
Added Component: Designator=C13(C 0603_M)
Add component (AddParameter): Name = "BOM名称"; Value = "无极性贴片电容"; VariantName = "[No Variations]"
Add component (AddParameter): Name = "淘宝ID"; Value = "封装库来自淘宝 ID：黄晶宝石"; VariantName = "[No Variations]"
Add component (AddParameter): Name = "联系售后"; Value = "https://shop463601444.taobao.com"; VariantName = "[No Variations]"
Added Component: Designator=C14(C 0603_M)
Add component (AddParameter): Name = "BOM名称"; Value = "无极性贴片电容"; VariantName = "[No Variations]"
Add component (AddParameter): Name = "淘宝ID"; Value = "封装库来自淘宝 ID：黄晶宝石"; VariantName = "[No Variations]"
Add component (AddParameter): Name = "联系售后"; Value = "https://shop463601444.taobao.com"; VariantName = "[No Variations]"
Added Component: Designator=C15(C 0603_M)
Add component (AddParameter): Name = "BOM名称"; Value = "无极性贴片电容"; VariantName = "[No Variations]"
Add component (AddParameter): Name = "淘宝ID"; Value = "封装库来自淘宝 ID：黄晶宝石"; VariantName = "[No Variations]"
Add component (AddParameter): Name = "联系售后"; Value = "https://shop463601444.taobao.com"; VariantName = "[No Variations]"
Added Component: Designator=C16(C 0603_M)
Add component (AddParameter): Name = "BOM名称"; Value = "无极性贴片电容"; VariantName = "[No Variations]"
Add component (AddParameter): Name = "淘宝ID"; Value = "封装库来自淘宝 ID：黄晶宝石"; VariantName = "[No Variations]"
Add component (AddParameter): Name = "联系售后"; Value = "https://shop463601444.taobao.com"; VariantName = "[No Variations]"
Added Component: Designator=C17(C 0603_M)
Add component (AddParameter): Name = "BOM名称"; Value = "无极性贴片电容"; VariantName = "[No Variations]"
Add component (AddParameter): Name = "淘宝ID"; Value = "封装库来自淘宝 ID：黄晶宝石"; VariantName = "[No Variations]"
Add component (AddParameter): Name = "联系售后"; Value = "https://shop463601444.taobao.com"; VariantName = "[No Variations]"
Added Component: Designator=C18(C 0603_M)
Add component (AddParameter): Name = "BOM名称"; Value = "无极性贴片电容"; VariantName = "[No Variations]"
Add component (AddParameter): Name = "淘宝ID"; Value = "封装库来自淘宝 ID：黄晶宝石"; VariantName = "[No Variations]"
Add component (AddParameter): Name = "联系售后"; Value = "https://shop463601444.taobao.com"; VariantName = "[No Variations]"
Added Component: Designator=C19(C 0603_M)
Add component (AddParameter): Name = "BOM名称"; Value = "无极性贴片电容"; VariantName = "[No Variations]"
Add component (AddParameter): Name = "淘宝ID"; Value = "封装库来自淘宝 ID：黄晶宝石"; VariantName = "[No Variations]"
Add component (AddParameter): Name = "联系售后"; Value = "https://shop463601444.taobao.com"; VariantName = "[No Variations]"
Added Component: Designator=C20(C 0603_M)
Add component (AddParameter): Name = "BOM名称"; Value = "无极性贴片电容"; VariantName = "[No Variations]"
Add component (AddParameter): Name = "淘宝ID"; Value = "封装库来自淘宝 ID：黄晶宝石"; VariantName = "[No Variations]"
Add component (AddParameter): Name = "联系售后"; Value = "https://shop463601444.taobao.com"; VariantName = "[No Variations]"
Added Component: Designator=C23(C 0603_M)
Add component (AddParameter): Name = "BOM名称"; Value = "无极性贴片电容"; VariantName = "[No Variations]"
Add component (AddParameter): Name = "淘宝ID"; Value = "封装库来自淘宝 ID：黄晶宝石"; VariantName = "[No Variations]"
Add component (AddParameter): Name = "联系售后"; Value = "https://shop463601444.taobao.com"; VariantName = "[No Variations]"
Added Component: Designator=C24(C 0603_M)
Add component (AddParameter): Name = "BOM名称"; Value = "无极性贴片电容"; VariantName = "[No Variations]"
Add component (AddParameter): Name = "淘宝ID"; Value = "封装库来自淘宝 ID：黄晶宝石"; VariantName = "[No Variations]"
Add component (AddParameter): Name = "联系售后"; Value = "https://shop463601444.taobao.com"; VariantName = "[No Variations]"
Added Component: Designator=D5(LED0603-RD_RED)
Add component (AddParameter): Name = "LatestRevisionDate"; Value = "08-Jul-2005"; VariantName = "[No Variations]"
Add component (AddParameter): Name = "LatestRevisionNote"; Value = "Mech Layer 1 removed."; VariantName = "[No Variations]"
Add component (AddParameter): Name = "PackageReference"; Value = "LED-0"; VariantName = "[No Variations]"
Add component (AddParameter): Name = "Published"; Value = "8-Jun-2000"; VariantName = "[No Variations]"
Add component (AddParameter): Name = "Publisher"; Value = "Altium Limited"; VariantName = "[No Variations]"
Added Component: Designator=D?(LED0603-RD_RED)
Add component (AddParameter): Name = "LatestRevisionDate"; Value = "08-Jul-2005"; VariantName = "[No Variations]"
Add component (AddParameter): Name = "LatestRevisionNote"; Value = "Mech Layer 1 removed."; VariantName = "[No Variations]"
Add component (AddParameter): Name = "PackageReference"; Value = "LED-0"; VariantName = "[No Variations]"
Add component (AddParameter): Name = "Published"; Value = "8-Jun-2000"; VariantName = "[No Variations]"
Add component (AddParameter): Name = "Publisher"; Value = "Altium Limited"; VariantName = "[No Variations]"
Added Component: Designator=JP2(HDR2.54-LI-4P)
Add component (AddParameter): Name = "LatestRevisionDate"; Value = "17-Jul-2002"; VariantName = "[No Variations]"
Add component (AddParameter): Name = "LatestRevisionNote"; Value = "Re-released for DXP Platform."; VariantName = "[No Variations]"
Add component (AddParameter): Name = "Publisher"; Value = "Altium Limited"; VariantName = "[No Variations]"
Added Component: Designator=JP3(ZH1.5)
Add component (AddParameter): Name = "Contributor"; Value = "LCSC"; VariantName = "[No Variations]"
Add component (AddParameter): Name = "JLCPCB Part Class"; Value = "Extended Part"; VariantName = "[No Variations]"
Add component (AddParameter): Name = "Manufacturer"; Value = "HCTL(华灿天禄)"; VariantName = "[No Variations]"
Add component (AddParameter): Name = "Manufacturer Part"; Value = "HC-ZH-3PLT"; VariantName = "[No Variations]"
Add component (AddParameter): Name = "spicePre"; Value = "C"; VariantName = "[No Variations]"
Add component (AddParameter): Name = "spiceSymbolName"; Value = "HC-ZH-3PLT"; VariantName = "[No Variations]"
Add component (AddParameter): Name = "Supplier"; Value = "LCSC"; VariantName = "[No Variations]"
Add component (AddParameter): Name = "Supplier Part"; Value = "C2845434"; VariantName = "[No Variations]"
Added Component: Designator=JP4(ZH1.5)
Add component (AddParameter): Name = "Contributor"; Value = "LCSC"; VariantName = "[No Variations]"
Add component (AddParameter): Name = "JLCPCB Part Class"; Value = "Extended Part"; VariantName = "[No Variations]"
Add component (AddParameter): Name = "Manufacturer"; Value = "HCTL(华灿天禄)"; VariantName = "[No Variations]"
Add component (AddParameter): Name = "Manufacturer Part"; Value = "HC-ZH-3PLT"; VariantName = "[No Variations]"
Add component (AddParameter): Name = "spicePre"; Value = "C"; VariantName = "[No Variations]"
Add component (AddParameter): Name = "spiceSymbolName"; Value = "HC-ZH-3PLT"; VariantName = "[No Variations]"
Add component (AddParameter): Name = "Supplier"; Value = "LCSC"; VariantName = "[No Variations]"
Add component (AddParameter): Name = "Supplier Part"; Value = "C2845434"; VariantName = "[No Variations]"
Added Component: Designator=JP5(ZH1.5)
Add component (AddParameter): Name = "Contributor"; Value = "LCSC"; VariantName = "[No Variations]"
Add component (AddParameter): Name = "JLCPCB Part Class"; Value = "Extended Part"; VariantName = "[No Variations]"
Add component (AddParameter): Name = "Manufacturer"; Value = "HCTL(华灿天禄)"; VariantName = "[No Variations]"
Add component (AddParameter): Name = "Manufacturer Part"; Value = "HC-ZH-3PLT"; VariantName = "[No Variations]"
Add component (AddParameter): Name = "spicePre"; Value = "C"; VariantName = "[No Variations]"
Add component (AddParameter): Name = "spiceSymbolName"; Value = "HC-ZH-3PLT"; VariantName = "[No Variations]"
Add component (AddParameter): Name = "Supplier"; Value = "LCSC"; VariantName = "[No Variations]"
Add component (AddParameter): Name = "Supplier Part"; Value = "C2845434"; VariantName = "[No Variations]"
Added Component: Designator=JP6(ZH1.5)
Add component (AddParameter): Name = "Contributor"; Value = "LCSC"; VariantName = "[No Variations]"
Add component (AddParameter): Name = "JLCPCB Part Class"; Value = "Extended Part"; VariantName = "[No Variations]"
Add component (AddParameter): Name = "Manufacturer"; Value = "HCTL(华灿天禄)"; VariantName = "[No Variations]"
Add component (AddParameter): Name = "Manufacturer Part"; Value = "HC-ZH-3PLT"; VariantName = "[No Variations]"
Add component (AddParameter): Name = "spicePre"; Value = "C"; VariantName = "[No Variations]"
Add component (AddParameter): Name = "spiceSymbolName"; Value = "HC-ZH-3PLT"; VariantName = "[No Variations]"
Add component (AddParameter): Name = "Supplier"; Value = "LCSC"; VariantName = "[No Variations]"
Add component (AddParameter): Name = "Supplier Part"; Value = "C2845434"; VariantName = "[No Variations]"
Added Component: Designator=R1(R 0603_M)
Add component (AddParameter): Name = "BOM名称"; Value = "贴片电阻"; VariantName = "[No Variations]"
Add component (AddParameter): Name = "版权归属"; Value = "来自淘宝 ID：黄晶宝石"; VariantName = "[No Variations]"
Add component (AddParameter): Name = "联系售后"; Value = "https://shop463601444.taobao.com"; VariantName = "[No Variations]"
Added Component: Designator=R2(R 0603_M)
Add component (AddParameter): Name = "BOM名称"; Value = "贴片电阻"; VariantName = "[No Variations]"
Add component (AddParameter): Name = "版权归属"; Value = "来自淘宝 ID：黄晶宝石"; VariantName = "[No Variations]"
Add component (AddParameter): Name = "联系售后"; Value = "https://shop463601444.taobao.com"; VariantName = "[No Variations]"
Added Component: Designator=R5(R 0603_M)
Add component (AddParameter): Name = "BOM名称"; Value = "贴片电阻"; VariantName = "[No Variations]"
Add component (AddParameter): Name = "版权归属"; Value = "来自淘宝 ID：黄晶宝石"; VariantName = "[No Variations]"
Add component (AddParameter): Name = "联系售后"; Value = "https://shop463601444.taobao.com"; VariantName = "[No Variations]"
Added Component: Designator=R6(R 0603_M)
Add component (AddParameter): Name = "BOM名称"; Value = "贴片电阻"; VariantName = "[No Variations]"
Add component (AddParameter): Name = "版权归属"; Value = "来自淘宝 ID：黄晶宝石"; VariantName = "[No Variations]"
Add component (AddParameter): Name = "联系售后"; Value = "https://shop463601444.taobao.com"; VariantName = "[No Variations]"
Added Component: Designator=R7(R 0603_M)
Add component (AddParameter): Name = "BOM名称"; Value = "贴片电阻"; VariantName = "[No Variations]"
Add component (AddParameter): Name = "版权归属"; Value = "来自淘宝 ID：黄晶宝石"; VariantName = "[No Variations]"
Add component (AddParameter): Name = "联系售后"; Value = "https://shop463601444.taobao.com"; VariantName = "[No Variations]"
Added Component: Designator=RESET(TSW SMD-3*6*2.5)
Add component (AddParameter): Name = "BOM名称"; Value = "3x6轻触开关"; VariantName = "[No Variations]"
Add component (AddParameter): Name = "学习资源"; Value = "www.ooocke.com"; VariantName = "[No Variations]"
Add component (AddParameter): Name = "版权归属"; Value = "封装库来自淘宝 ID：黄晶宝石"; VariantName = "[No Variations]"
Added Component: Designator=SWD?(MX 1.25-WS-4P)
Added Component: Designator=U3(LQFP64 10x10_N)
Add component (AddParameter): Name = "ComponentLink1Description"; Value = "Manufacturer URL"; VariantName = "[No Variations]"
Add component (AddParameter): Name = "ComponentLink1URL"; Value = "http://www.st.com/web/en/home.html"; VariantName = "[No Variations]"
Add component (AddParameter): Name = "ComponentLink2Description"; Value = "Datasheet"; VariantName = "[No Variations]"
Add component (AddParameter): Name = "ComponentLink2URL"; Value = "http://www.st.com/st-web-ui/static/active/en/resource/technical/document/datasheet/DM00037051.pdf"; VariantName = "[No Variations]"
Add component (AddParameter): Name = "ComponentLink3Description"; Value = "Package Specification"; VariantName = "[No Variations]"
Add component (AddParameter): Name = "ComponentLink3URL"; Value = "http://www.st.com/st-web-ui/static/active/en/resource/technical/document/datasheet/DM00037051.pdf"; VariantName = "[No Variations]"
Add component (AddParameter): Name = "Core"; Value = "ARM Cortex-M4"; VariantName = "[No Variations]"
Add component (AddParameter): Name = "D/A Converter"; Value = "2x12-bit"; VariantName = "[No Variations]"
Add component (AddParameter): Name = "DatasheetVersion"; Value = "Rev. 4"; VariantName = "[No Variations]"
Add component (AddParameter): Name = "FLASH Size (Prog) (kB)"; Value = "1024"; VariantName = "[No Variations]"
Add component (AddParameter): Name = "I/Os (High Current)"; Value = "51"; VariantName = "[No Variations]"
Add component (AddParameter): Name = "Internal RAM Size (kB)"; Value = "192"; VariantName = "[No Variations]"
Add component (AddParameter): Name = "Manufacturer"; Value = "STMicroelectronics"; VariantName = "[No Variations]"
Add component (AddParameter): Name = "Mounting Technology"; Value = "Surface Mount"; VariantName = "[No Variations]"
Add component (AddParameter): Name = "Operating Frequency(F) (Processor speed) (MHz)"; Value = "168"; VariantName = "[No Variations]"
Add component (AddParameter): Name = "PackageDescription"; Value = "64-Pin Low Profile Quad Flat Package, 10 x 10 mm Body, 0.5 mm Pitch"; VariantName = "[No Variations]"
Add component (AddParameter): Name = "PackageReference"; Value = "LQFP64"; VariantName = "[No Variations]"
Add component (AddParameter): Name = "PackageVersion"; Value = "Rev. 4, 06/2013"; VariantName = "[No Variations]"
Add component (AddParameter): Name = "Packing"; Value = "Tray"; VariantName = "[No Variations]"
Add component (AddParameter): Name = "PartNumber"; Value = "STM32F405RGT6"; VariantName = "[No Variations]"
Add component (AddParameter): Name = "Supplier 1"; Value = "Digi-Key"; VariantName = "[No Variations]"
Add component (AddParameter): Name = "Supplier 2"; Value = "Farnell"; VariantName = "[No Variations]"
Add component (AddParameter): Name = "Supplier 3"; Value = "Newark"; VariantName = "[No Variations]"
Add component (AddParameter): Name = "Supplier 4"; Value = "Mouser"; VariantName = "[No Variations]"
Add component (AddParameter): Name = "Supplier Part Number 1"; Value = "497-11767-ND"; VariantName = "[No Variations]"
Add component (AddParameter): Name = "Supplier Part Number 2"; Value = "2064363"; VariantName = "[No Variations]"
Add component (AddParameter): Name = "Supplier Part Number 3"; Value = "73T2329"; VariantName = "[No Variations]"
Add component (AddParameter): Name = "Supplier Part Number 4"; Value = "511-STM32F405RGT6"; VariantName = "[No Variations]"
Add component (AddParameter): Name = "Supply Voltage(Vcc) max (V)"; Value = "3.6"; VariantName = "[No Variations]"
Add component (AddParameter): Name = "Supply Voltage(Vcc) min (V)"; Value = "1.8"; VariantName = "[No Variations]"
Added Component: Designator=U4(JY901B_MPU9250)
Added Component: Designator=XT1(XTAL_3225_4P)
Added Pin To Net: NetName=GND Pin=C10-1
Added Pin To Net: NetName=VCC_3V3 Pin=C10-2
Added Pin To Net: NetName=GND Pin=C11-1
Added Pin To Net: NetName=VCC_3V3 Pin=C11-2
Added Pin To Net: NetName=NetC12_1 Pin=C12-1
Added Pin To Net: NetName=GND Pin=C12-2
Added Pin To Net: NetName=NetC13_1 Pin=C13-1
Added Pin To Net: NetName=GND Pin=C13-2
Added Pin To Net: NetName=GND Pin=C14-1
Added Pin To Net: NetName=RESET Pin=C14-2
Added Pin To Net: NetName=NetC15_1 Pin=C15-1
Added Pin To Net: NetName=GND Pin=C15-2
Added Pin To Net: NetName=NetC16_1 Pin=C16-1
Added Pin To Net: NetName=GND Pin=C16-2
Added Pin To Net: NetName=GND Pin=C17-1
Added Pin To Net: NetName=VCC_3V3 Pin=C17-2
Added Pin To Net: NetName=GND Pin=C18-1
Added Pin To Net: NetName=VCC_3V3 Pin=C18-2
Added Pin To Net: NetName=GND Pin=C19-1
Added Pin To Net: NetName=VCC_3V3 Pin=C19-2
Added Pin To Net: NetName=GND Pin=C20-1
Added Pin To Net: NetName=VCC_3V3 Pin=C20-2
Added Pin To Net: NetName=GND Pin=C23-1
Added Pin To Net: NetName=VCC_5V Pin=C23-2
Added Pin To Net: NetName=VCC_5V Pin=C24-1
Added Pin To Net: NetName=GND Pin=C24-2
Added Pin To Net: NetName=GND Pin=D5-1
Added Pin To Net: NetName=NetD5_2 Pin=D5-2
Added Pin To Net: NetName=GND Pin=D?-1
Added Pin To Net: NetName=GND Pin=JP2-1
Added Pin To Net: NetName=VCC_3V3 Pin=JP2-2
Added Pin To Net: NetName=BOOT1 Pin=JP2-3
Added Pin To Net: NetName=BOOT0 Pin=JP2-4
Added Pin To Net: NetName=TIM1_CH1 Pin=JP3-1
Added Pin To Net: NetName=VCC_5V Pin=JP3-2
Added Pin To Net: NetName=GND Pin=JP3-3
Added Pin To Net: NetName=GND Pin=JP3-4
Added Pin To Net: NetName=GND Pin=JP3-5
Added Pin To Net: NetName=TIM1_CH2 Pin=JP4-1
Added Pin To Net: NetName=VCC_5V Pin=JP4-2
Added Pin To Net: NetName=GND Pin=JP4-3
Added Pin To Net: NetName=GND Pin=JP4-4
Added Pin To Net: NetName=GND Pin=JP4-5
Added Pin To Net: NetName=TIM1_CH3 Pin=JP5-1
Added Pin To Net: NetName=VCC_5V Pin=JP5-2
Added Pin To Net: NetName=GND Pin=JP5-3
Added Pin To Net: NetName=GND Pin=JP5-4
Added Pin To Net: NetName=GND Pin=JP5-5
Added Pin To Net: NetName=TIM1_CH4 Pin=JP6-1
Added Pin To Net: NetName=VCC_5V Pin=JP6-2
Added Pin To Net: NetName=GND Pin=JP6-3
Added Pin To Net: NetName=GND Pin=JP6-4
Added Pin To Net: NetName=GND Pin=JP6-5
Added Pin To Net: NetName=VCC_3V3 Pin=R1-2
Added Pin To Net: NetName=NetD5_2 Pin=R2-1
Added Pin To Net: NetName=LED Pin=R2-2
Added Pin To Net: NetName=RESET Pin=R5-1
Added Pin To Net: NetName=VCC_3V3 Pin=R5-2
Added Pin To Net: NetName=GND Pin=R6-1
Added Pin To Net: NetName=BOOT0 Pin=R6-2
Added Pin To Net: NetName=GND Pin=R7-1
Added Pin To Net: NetName=BOOT1 Pin=R7-2
Added Pin To Net: NetName=RESET Pin=RESET-1
Added Pin To Net: NetName=GND Pin=RESET-2
Added Pin To Net: NetName=SWDIO Pin=SWD?-1
Added Pin To Net: NetName=SWCLK Pin=SWD?-2
Added Pin To Net: NetName=GND Pin=SWD?-3
Added Pin To Net: NetName=VCC_3V3 Pin=SWD?-4
Added Pin To Net: NetName=VCC_3V3 Pin=U3-1
Added Pin To Net: NetName=NetC12_1 Pin=U3-5
Added Pin To Net: NetName=NetC13_1 Pin=U3-6
Added Pin To Net: NetName=RESET Pin=U3-7
Added Pin To Net: NetName=GND Pin=U3-12
Added Pin To Net: NetName=VCC_3V3 Pin=U3-13
Added Pin To Net: NetName=LED Pin=U3-14
Added Pin To Net: NetName=BAT_V_ADC Pin=U3-15
Added Pin To Net: NetName=UART2_TX Pin=U3-16
Added Pin To Net: NetName=UART2_RX Pin=U3-17
Added Pin To Net: NetName=GND Pin=U3-18
Added Pin To Net: NetName=VCC_3V3 Pin=U3-19
Added Pin To Net: NetName=Motor_Power_Ctrl Pin=U3-20
Added Pin To Net: NetName=BOOT1 Pin=U3-28
Added Pin To Net: NetName=UART3_TX Pin=U3-29
Added Pin To Net: NetName=UART3_RX Pin=U3-30
Added Pin To Net: NetName=NetC15_1 Pin=U3-31
Added Pin To Net: NetName=VCC_3V3 Pin=U3-32
Added Pin To Net: NetName=TIM1_CH1 Pin=U3-41
Added Pin To Net: NetName=TIM1_CH2 Pin=U3-42
Added Pin To Net: NetName=TIM1_CH3 Pin=U3-43
Added Pin To Net: NetName=TIM1_CH4 Pin=U3-44
Added Pin To Net: NetName=SWDIO Pin=U3-46
Added Pin To Net: NetName=NetC16_1 Pin=U3-47
Added Pin To Net: NetName=VCC_3V3 Pin=U3-48
Added Pin To Net: NetName=SWCLK Pin=U3-49
Added Pin To Net: NetName=TIM2_CH2 Pin=U3-55
Added Pin To Net: NetName=UART1_TX Pin=U3-58
Added Pin To Net: NetName=UART1_RX Pin=U3-59
Added Pin To Net: NetName=BOOT0 Pin=U3-60
Added Pin To Net: NetName=GND Pin=U3-63
Added Pin To Net: NetName=VCC_3V3 Pin=U3-64
Added Pin To Net: NetName=VCC_5V Pin=U4-2
Added Pin To Net: NetName=UART3_TX Pin=U4-3
Added Pin To Net: NetName=UART3_RX Pin=U4-4
Added Pin To Net: NetName=GND Pin=U4-5
Added Pin To Net: NetName=GND Pin=U4-8
Added Pin To Net: NetName=VCC_5V Pin=U4-11
Added Pin To Net: NetName=NetC13_1 Pin=XT1-1
Added Pin To Net: NetName=GND Pin=XT1-2
Added Pin To Net: NetName=NetC12_1 Pin=XT1-3
Added Pin To Net: NetName=GND Pin=XT1-4
Added Pin To Net: NetName=NetD?_2 Pin=D?-2
Added Pin To Net: NetName=NetD?_2 Pin=R1-1
Added Net: Name=NetD?_2
Added Member To Class: ClassName=Dart_Controller_SCH Member=Component C10 100nf/0603
Added Member To Class: ClassName=Dart_Controller_SCH Member=Component C11 100nf/0603
Added Member To Class: ClassName=Dart_Controller_SCH Member=Component C12 20pf/0603
Added Member To Class: ClassName=Dart_Controller_SCH Member=Component C13 20pf/0603
Added Member To Class: ClassName=Dart_Controller_SCH Member=Component C14 100nf/0603
Added Member To Class: ClassName=Dart_Controller_SCH Member=Component C15 2.2uf/0603
Added Member To Class: ClassName=Dart_Controller_SCH Member=Component C16 2.2uf/0603
Added Member To Class: ClassName=Dart_Controller_SCH Member=Component C17 100nf/0603
Added Member To Class: ClassName=Dart_Controller_SCH Member=Component C18 100nf/0603
Added Member To Class: ClassName=Dart_Controller_SCH Member=Component C19 100nf/0603
Added Member To Class: ClassName=Dart_Controller_SCH Member=Component C20 100nf/0603
Added Member To Class: ClassName=Dart_Controller_SCH Member=Component C23 100nf/0603
Added Member To Class: ClassName=Dart_Controller_SCH Member=Component C24 100nf/0603
Added Member To Class: ClassName=Dart_Controller_SCH Member=Component D5 LED
Added Member To Class: ClassName=Dart_Controller_SCH Member=Component D? LED
Added Member To Class: ClassName=Dart_Controller_SCH Member=Component JP2 Header 4
Added Member To Class: ClassName=Dart_Controller_SCH Member=Component JP3 ZH1.5-LS
Added Member To Class: ClassName=Dart_Controller_SCH Member=Component JP4 ZH1.5-LS
Added Member To Class: ClassName=Dart_Controller_SCH Member=Component JP5 ZH1.5-LS
Added Member To Class: ClassName=Dart_Controller_SCH Member=Component JP6 ZH1.5-LS
Added Member To Class: ClassName=Dart_Controller_SCH Member=Component R1 1K/0603
Added Member To Class: ClassName=Dart_Controller_SCH Member=Component R2 1K/0603
Added Member To Class: ClassName=Dart_Controller_SCH Member=Component R5 10K/0603
Added Member To Class: ClassName=Dart_Controller_SCH Member=Component R6 10K/0603
Added Member To Class: ClassName=Dart_Controller_SCH Member=Component R7 10K/0603
Added Member To Class: ClassName=Dart_Controller_SCH Member=Component RESET 3x6x5
Added Member To Class: ClassName=Dart_Controller_SCH Member=Component SWD? SWD接口
Added Member To Class: ClassName=Dart_Controller_SCH Member=Component U3 STM32F405RGT6
Added Member To Class: ClassName=Dart_Controller_SCH Member=Component U4 MPU925
Added Member To Class: ClassName=Dart_Controller_SCH Member=Component XT1 12MHz
